{"C:\\Users\\yosua\\Documents\\Hacktiv8\\Phase 2\\IndividualProject\\server\\app.js": {"path":"C:\\Users\\yosua\\Documents\\Hacktiv8\\Phase 2\\IndividualProject\\server\\app.js","statementMap":{"0":{"start":{"line":7,"column":16},"end":{"line":7,"column":34}},"1":{"start":{"line":8,"column":13},"end":{"line":8,"column":28}},"2":{"start":{"line":10,"column":0},"end":{"line":10,"column":27}},"3":{"start":{"line":13,"column":19},"end":{"line":13,"column":49}},"4":{"start":{"line":14,"column":20},"end":{"line":14,"column":51}},"5":{"start":{"line":15,"column":30},"end":{"line":15,"column":71}},"6":{"start":{"line":16,"column":23},"end":{"line":16,"column":57}},"7":{"start":{"line":17,"column":21},"end":{"line":17,"column":53}},"8":{"start":{"line":20,"column":21},"end":{"line":20,"column":57}},"9":{"start":{"line":23,"column":12},"end":{"line":23,"column":21}},"10":{"start":{"line":26,"column":0},"end":{"line":45,"column":3}},"11":{"start":{"line":27,"column":4},"end":{"line":44,"column":7}},"12":{"start":{"line":48,"column":0},"end":{"line":51,"column":4}},"13":{"start":{"line":52,"column":0},"end":{"line":52,"column":24}},"14":{"start":{"line":53,"column":0},"end":{"line":53,"column":48}},"15":{"start":{"line":56,"column":0},"end":{"line":56,"column":29}},"16":{"start":{"line":57,"column":0},"end":{"line":57,"column":32}},"17":{"start":{"line":58,"column":0},"end":{"line":58,"column":44}},"18":{"start":{"line":59,"column":0},"end":{"line":59,"column":37}},"19":{"start":{"line":60,"column":0},"end":{"line":60,"column":33}},"20":{"start":{"line":63,"column":0},"end":{"line":63,"column":22}},"21":{"start":{"line":66,"column":0},"end":{"line":66,"column":21}},"22":{"start":{"line":69,"column":0},"end":{"line":74,"column":1}},"23":{"start":{"line":70,"column":17},"end":{"line":70,"column":41}},"24":{"start":{"line":71,"column":4},"end":{"line":73,"column":7}},"25":{"start":{"line":72,"column":8},"end":{"line":72,"column":57}}},"fnMap":{"0":{"name":"(anonymous_0)","decl":{"start":{"line":26,"column":13},"end":{"line":26,"column":14}},"loc":{"start":{"line":26,"column":27},"end":{"line":45,"column":1}},"line":26},"1":{"name":"(anonymous_1)","decl":{"start":{"line":71,"column":21},"end":{"line":71,"column":22}},"loc":{"start":{"line":71,"column":27},"end":{"line":73,"column":5}},"line":71}},"branchMap":{"0":{"loc":{"start":{"line":49,"column":12},"end":{"line":49,"column":61}},"type":"binary-expr","locations":[{"start":{"line":49,"column":12},"end":{"line":49,"column":34}},{"start":{"line":49,"column":38},"end":{"line":49,"column":61}}],"line":49},"1":{"loc":{"start":{"line":69,"column":0},"end":{"line":74,"column":1}},"type":"if","locations":[{"start":{"line":69,"column":0},"end":{"line":74,"column":1}},{"start":{},"end":{}}],"line":69},"2":{"loc":{"start":{"line":70,"column":17},"end":{"line":70,"column":41}},"type":"binary-expr","locations":[{"start":{"line":70,"column":17},"end":{"line":70,"column":33}},{"start":{"line":70,"column":37},"end":{"line":70,"column":41}}],"line":70}},"s":{"0":5,"1":5,"2":5,"3":5,"4":5,"5":5,"6":5,"7":5,"8":5,"9":5,"10":5,"11":0,"12":5,"13":5,"14":5,"15":5,"16":5,"17":5,"18":5,"19":5,"20":5,"21":5,"22":5,"23":0,"24":0,"25":0},"f":{"0":0,"1":0},"b":{"0":[5,0],"1":[0,5],"2":[0,0]},"_coverageSchema":"1a1c01bbd47fc00a2c39e90264f33305004495a9","hash":"2b86379de35d123fbeacac055ea3cda727b45bdb"}
,"C:\\Users\\yosua\\Documents\\Hacktiv8\\Phase 2\\IndividualProject\\server\\controllers\\authController.js": {"path":"C:\\Users\\yosua\\Documents\\Hacktiv8\\Phase 2\\IndividualProject\\server\\controllers\\authController.js","statementMap":{"0":{"start":{"line":4,"column":17},"end":{"line":4,"column":37}},"1":{"start":{"line":5,"column":22},"end":{"line":5,"column":47}},"2":{"start":{"line":6,"column":28},"end":{"line":6,"column":56}},"3":{"start":{"line":7,"column":25},"end":{"line":7,"column":55}},"4":{"start":{"line":8,"column":15},"end":{"line":8,"column":61}},"5":{"start":{"line":10,"column":0},"end":{"line":213,"column":1}},"6":{"start":{"line":15,"column":8},"end":{"line":45,"column":9}},"7":{"start":{"line":16,"column":40},"end":{"line":16,"column":48}},"8":{"start":{"line":19,"column":12},"end":{"line":21,"column":13}},"9":{"start":{"line":20,"column":16},"end":{"line":20,"column":89}},"10":{"start":{"line":24,"column":25},"end":{"line":24,"column":63}},"11":{"start":{"line":27,"column":33},"end":{"line":29,"column":14}},"12":{"start":{"line":32,"column":12},"end":{"line":38,"column":15}},"13":{"start":{"line":41,"column":12},"end":{"line":43,"column":13}},"14":{"start":{"line":42,"column":16},"end":{"line":42,"column":92}},"15":{"start":{"line":44,"column":12},"end":{"line":44,"column":24}},"16":{"start":{"line":52,"column":8},"end":{"line":89,"column":9}},"17":{"start":{"line":54,"column":40},"end":{"line":54,"column":48}},"18":{"start":{"line":55,"column":12},"end":{"line":58,"column":13}},"19":{"start":{"line":57,"column":16},"end":{"line":57,"column":89}},"20":{"start":{"line":60,"column":25},"end":{"line":63,"column":14}},"21":{"start":{"line":64,"column":12},"end":{"line":67,"column":13}},"22":{"start":{"line":66,"column":16},"end":{"line":66,"column":85}},"23":{"start":{"line":69,"column":36},"end":{"line":69,"column":82}},"24":{"start":{"line":70,"column":12},"end":{"line":73,"column":13}},"25":{"start":{"line":72,"column":16},"end":{"line":72,"column":85}},"26":{"start":{"line":76,"column":33},"end":{"line":78,"column":14}},"27":{"start":{"line":80,"column":12},"end":{"line":86,"column":15}},"28":{"start":{"line":88,"column":12},"end":{"line":88,"column":24}},"29":{"start":{"line":96,"column":8},"end":{"line":134,"column":9}},"30":{"start":{"line":97,"column":33},"end":{"line":97,"column":41}},"31":{"start":{"line":100,"column":27},"end":{"line":103,"column":14}},"32":{"start":{"line":104,"column":28},"end":{"line":104,"column":47}},"33":{"start":{"line":105,"column":26},"end":{"line":105,"column":39}},"34":{"start":{"line":108,"column":33},"end":{"line":108,"column":73}},"35":{"start":{"line":109,"column":12},"end":{"line":111,"column":13}},"36":{"start":{"line":110,"column":16},"end":{"line":110,"column":108}},"37":{"start":{"line":114,"column":25},"end":{"line":117,"column":14}},"38":{"start":{"line":120,"column":33},"end":{"line":122,"column":14}},"39":{"start":{"line":124,"column":12},"end":{"line":131,"column":15}},"40":{"start":{"line":133,"column":12},"end":{"line":133,"column":24}},"41":{"start":{"line":141,"column":8},"end":{"line":173,"column":9}},"42":{"start":{"line":142,"column":33},"end":{"line":142,"column":41}},"43":{"start":{"line":145,"column":27},"end":{"line":148,"column":14}},"44":{"start":{"line":149,"column":28},"end":{"line":149,"column":47}},"45":{"start":{"line":150,"column":26},"end":{"line":150,"column":39}},"46":{"start":{"line":153,"column":25},"end":{"line":153,"column":65}},"47":{"start":{"line":155,"column":12},"end":{"line":157,"column":13}},"48":{"start":{"line":156,"column":16},"end":{"line":156,"column":101}},"49":{"start":{"line":160,"column":33},"end":{"line":162,"column":14}},"50":{"start":{"line":164,"column":12},"end":{"line":170,"column":15}},"51":{"start":{"line":172,"column":12},"end":{"line":172,"column":24}},"52":{"start":{"line":180,"column":8},"end":{"line":211,"column":9}},"53":{"start":{"line":181,"column":33},"end":{"line":181,"column":41}},"54":{"start":{"line":182,"column":27},"end":{"line":185,"column":14}},"55":{"start":{"line":186,"column":28},"end":{"line":186,"column":47}},"56":{"start":{"line":187,"column":26},"end":{"line":187,"column":39}},"57":{"start":{"line":189,"column":36},"end":{"line":195,"column":14}},"58":{"start":{"line":197,"column":33},"end":{"line":199,"column":14}},"59":{"start":{"line":201,"column":12},"end":{"line":208,"column":15}},"60":{"start":{"line":210,"column":12},"end":{"line":210,"column":24}}},"fnMap":{"0":{"name":"(anonymous_0)","decl":{"start":{"line":14,"column":4},"end":{"line":14,"column":5}},"loc":{"start":{"line":14,"column":42},"end":{"line":46,"column":5}},"line":14},"1":{"name":"(anonymous_1)","decl":{"start":{"line":51,"column":4},"end":{"line":51,"column":5}},"loc":{"start":{"line":51,"column":39},"end":{"line":90,"column":5}},"line":51},"2":{"name":"(anonymous_2)","decl":{"start":{"line":95,"column":4},"end":{"line":95,"column":5}},"loc":{"start":{"line":95,"column":48},"end":{"line":135,"column":5}},"line":95},"3":{"name":"(anonymous_3)","decl":{"start":{"line":140,"column":4},"end":{"line":140,"column":5}},"loc":{"start":{"line":140,"column":45},"end":{"line":174,"column":5}},"line":140},"4":{"name":"(anonymous_4)","decl":{"start":{"line":179,"column":4},"end":{"line":179,"column":5}},"loc":{"start":{"line":179,"column":46},"end":{"line":212,"column":5}},"line":179}},"branchMap":{"0":{"loc":{"start":{"line":19,"column":12},"end":{"line":21,"column":13}},"type":"if","locations":[{"start":{"line":19,"column":12},"end":{"line":21,"column":13}},{"start":{},"end":{}}],"line":19},"1":{"loc":{"start":{"line":19,"column":16},"end":{"line":19,"column":35}},"type":"binary-expr","locations":[{"start":{"line":19,"column":16},"end":{"line":19,"column":22}},{"start":{"line":19,"column":26},"end":{"line":19,"column":35}}],"line":19},"2":{"loc":{"start":{"line":41,"column":12},"end":{"line":43,"column":13}},"type":"if","locations":[{"start":{"line":41,"column":12},"end":{"line":43,"column":13}},{"start":{},"end":{}}],"line":41},"3":{"loc":{"start":{"line":55,"column":12},"end":{"line":58,"column":13}},"type":"if","locations":[{"start":{"line":55,"column":12},"end":{"line":58,"column":13}},{"start":{},"end":{}}],"line":55},"4":{"loc":{"start":{"line":55,"column":16},"end":{"line":55,"column":35}},"type":"binary-expr","locations":[{"start":{"line":55,"column":16},"end":{"line":55,"column":22}},{"start":{"line":55,"column":26},"end":{"line":55,"column":35}}],"line":55},"5":{"loc":{"start":{"line":64,"column":12},"end":{"line":67,"column":13}},"type":"if","locations":[{"start":{"line":64,"column":12},"end":{"line":67,"column":13}},{"start":{},"end":{}}],"line":64},"6":{"loc":{"start":{"line":70,"column":12},"end":{"line":73,"column":13}},"type":"if","locations":[{"start":{"line":70,"column":12},"end":{"line":73,"column":13}},{"start":{},"end":{}}],"line":70},"7":{"loc":{"start":{"line":109,"column":12},"end":{"line":111,"column":13}},"type":"if","locations":[{"start":{"line":109,"column":12},"end":{"line":111,"column":13}},{"start":{},"end":{}}],"line":109},"8":{"loc":{"start":{"line":155,"column":12},"end":{"line":157,"column":13}},"type":"if","locations":[{"start":{"line":155,"column":12},"end":{"line":157,"column":13}},{"start":{},"end":{}}],"line":155}},"s":{"0":5,"1":5,"2":5,"3":5,"4":5,"5":5,"6":6,"7":6,"8":6,"9":2,"10":4,"11":1,"12":1,"13":5,"14":1,"15":4,"16":5,"17":5,"18":5,"19":2,"20":3,"21":3,"22":1,"23":2,"24":2,"25":1,"26":1,"27":1,"28":4,"29":0,"30":0,"31":0,"32":0,"33":0,"34":0,"35":0,"36":0,"37":0,"38":0,"39":0,"40":0,"41":4,"42":4,"43":4,"44":3,"45":2,"46":2,"47":2,"48":1,"49":1,"50":1,"51":3,"52":0,"53":0,"54":0,"55":0,"56":0,"57":0,"58":0,"59":0,"60":0},"f":{"0":6,"1":5,"2":0,"3":4,"4":0},"b":{"0":[2,4],"1":[6,5],"2":[1,4],"3":[2,3],"4":[5,4],"5":[1,2],"6":[1,1],"7":[0,0],"8":[1,1]},"_coverageSchema":"1a1c01bbd47fc00a2c39e90264f33305004495a9","hash":"ba6ebfb08e4216dd07014d58e350f676ef62449a"}
,"C:\\Users\\yosua\\Documents\\Hacktiv8\\Phase 2\\IndividualProject\\server\\controllers\\geminiController.js": {"path":"C:\\Users\\yosua\\Documents\\Hacktiv8\\Phase 2\\IndividualProject\\server\\controllers\\geminiController.js","statementMap":{"0":{"start":{"line":4,"column":31},"end":{"line":4,"column":63}},"1":{"start":{"line":5,"column":35},"end":{"line":5,"column":55}},"2":{"start":{"line":7,"column":0},"end":{"line":472,"column":2}},"3":{"start":{"line":13,"column":8},"end":{"line":140,"column":9}},"4":{"start":{"line":15,"column":26},"end":{"line":15,"column":76}},"5":{"start":{"line":16,"column":27},"end":{"line":16,"column":38}},"6":{"start":{"line":17,"column":72},"end":{"line":17,"column":80}},"7":{"start":{"line":20,"column":12},"end":{"line":22,"column":13}},"8":{"start":{"line":21,"column":16},"end":{"line":21,"column":81}},"9":{"start":{"line":25,"column":33},"end":{"line":34,"column":14}},"10":{"start":{"line":37,"column":35},"end":{"line":42,"column":15}},"11":{"start":{"line":37,"column":58},"end":{"line":42,"column":13}},"12":{"start":{"line":45,"column":27},"end":{"line":114,"column":1}},"13":{"start":{"line":55,"column":26},"end":{"line":55,"column":81}},"14":{"start":{"line":56,"column":27},"end":{"line":56,"column":34}},"15":{"start":{"line":56,"column":85},"end":{"line":56,"column":92}},"16":{"start":{"line":56,"column":103},"end":{"line":56,"column":128}},"17":{"start":{"line":117,"column":26},"end":{"line":117,"column":75}},"18":{"start":{"line":118,"column":27},"end":{"line":118,"column":62}},"19":{"start":{"line":119,"column":29},"end":{"line":119,"column":50}},"20":{"start":{"line":120,"column":23},"end":{"line":120,"column":38}},"21":{"start":{"line":123,"column":12},"end":{"line":123,"column":81}},"22":{"start":{"line":124,"column":30},"end":{"line":124,"column":46}},"23":{"start":{"line":127,"column":12},"end":{"line":130,"column":15}},"24":{"start":{"line":133,"column":12},"end":{"line":138,"column":13}},"25":{"start":{"line":134,"column":16},"end":{"line":137,"column":19}},"26":{"start":{"line":139,"column":12},"end":{"line":139,"column":24}},"27":{"start":{"line":148,"column":8},"end":{"line":315,"column":9}},"28":{"start":{"line":149,"column":12},"end":{"line":149,"column":107}},"29":{"start":{"line":152,"column":26},"end":{"line":152,"column":76}},"30":{"start":{"line":153,"column":27},"end":{"line":153,"column":47}},"31":{"start":{"line":154,"column":27},"end":{"line":154,"column":38}},"32":{"start":{"line":155,"column":58},"end":{"line":155,"column":66}},"33":{"start":{"line":158,"column":12},"end":{"line":160,"column":13}},"34":{"start":{"line":159,"column":16},"end":{"line":159,"column":77}},"35":{"start":{"line":162,"column":12},"end":{"line":162,"column":56}},"36":{"start":{"line":165,"column":35},"end":{"line":165,"column":83}},"37":{"start":{"line":166,"column":33},"end":{"line":166,"column":35}},"38":{"start":{"line":168,"column":12},"end":{"line":183,"column":13}},"39":{"start":{"line":169,"column":16},"end":{"line":182,"column":19}},"40":{"start":{"line":171,"column":64},"end":{"line":178,"column":25}},"41":{"start":{"line":186,"column":33},"end":{"line":196,"column":14}},"42":{"start":{"line":199,"column":32},"end":{"line":201,"column":20}},"43":{"start":{"line":200,"column":66},"end":{"line":200,"column":78}},"44":{"start":{"line":203,"column":34},"end":{"line":207,"column":20}},"45":{"start":{"line":205,"column":20},"end":{"line":205,"column":156}},"46":{"start":{"line":210,"column":32},"end":{"line":212,"column":20}},"47":{"start":{"line":211,"column":90},"end":{"line":211,"column":112}},"48":{"start":{"line":215,"column":33},"end":{"line":237,"column":1}},"49":{"start":{"line":240,"column":12},"end":{"line":240,"column":56}},"50":{"start":{"line":241,"column":12},"end":{"line":241,"column":51}},"51":{"start":{"line":242,"column":12},"end":{"line":242,"column":77}},"52":{"start":{"line":245,"column":12},"end":{"line":294,"column":13}},"53":{"start":{"line":246,"column":30},"end":{"line":246,"column":85}},"54":{"start":{"line":247,"column":31},"end":{"line":247,"column":72}},"55":{"start":{"line":248,"column":35},"end":{"line":248,"column":56}},"56":{"start":{"line":249,"column":16},"end":{"line":249,"column":42}},"57":{"start":{"line":250,"column":16},"end":{"line":250,"column":74}},"58":{"start":{"line":251,"column":16},"end":{"line":251,"column":62}},"59":{"start":{"line":253,"column":16},"end":{"line":253,"column":72}},"60":{"start":{"line":254,"column":16},"end":{"line":254,"column":91}},"61":{"start":{"line":257,"column":16},"end":{"line":293,"column":17}},"62":{"start":{"line":259,"column":20},"end":{"line":259,"column":123}},"63":{"start":{"line":260,"column":20},"end":{"line":264,"column":23}},"64":{"start":{"line":261,"column":24},"end":{"line":261,"column":83}},"65":{"start":{"line":262,"column":24},"end":{"line":262,"column":96}},"66":{"start":{"line":263,"column":24},"end":{"line":263,"column":85}},"67":{"start":{"line":265,"column":20},"end":{"line":265,"column":85}},"68":{"start":{"line":268,"column":41},"end":{"line":268,"column":69}},"69":{"start":{"line":269,"column":38},"end":{"line":269,"column":82}},"70":{"start":{"line":270,"column":39},"end":{"line":270,"column":114}},"71":{"start":{"line":270,"column":59},"end":{"line":270,"column":113}},"72":{"start":{"line":272,"column":20},"end":{"line":292,"column":21}},"73":{"start":{"line":273,"column":24},"end":{"line":273,"column":75}},"74":{"start":{"line":274,"column":24},"end":{"line":274,"column":138}},"75":{"start":{"line":275,"column":24},"end":{"line":275,"column":65}},"76":{"start":{"line":276,"column":24},"end":{"line":276,"column":68}},"77":{"start":{"line":277,"column":24},"end":{"line":277,"column":72}},"78":{"start":{"line":278,"column":24},"end":{"line":278,"column":89}},"79":{"start":{"line":279,"column":24},"end":{"line":279,"column":66}},"80":{"start":{"line":280,"column":24},"end":{"line":280,"column":56}},"81":{"start":{"line":281,"column":24},"end":{"line":281,"column":73}},"82":{"start":{"line":282,"column":24},"end":{"line":282,"column":77}},"83":{"start":{"line":283,"column":24},"end":{"line":283,"column":80}},"84":{"start":{"line":284,"column":24},"end":{"line":284,"column":62}},"85":{"start":{"line":286,"column":24},"end":{"line":286,"column":105}},"86":{"start":{"line":287,"column":24},"end":{"line":287,"column":60}},"87":{"start":{"line":288,"column":24},"end":{"line":288,"column":85}},"88":{"start":{"line":289,"column":24},"end":{"line":289,"column":83}},"89":{"start":{"line":290,"column":24},"end":{"line":290,"column":120}},"90":{"start":{"line":291,"column":24},"end":{"line":291,"column":124}},"91":{"start":{"line":297,"column":12},"end":{"line":301,"column":15}},"92":{"start":{"line":303,"column":12},"end":{"line":303,"column":51}},"93":{"start":{"line":304,"column":12},"end":{"line":304,"column":72}},"94":{"start":{"line":307,"column":12},"end":{"line":312,"column":13}},"95":{"start":{"line":308,"column":16},"end":{"line":311,"column":19}},"96":{"start":{"line":314,"column":12},"end":{"line":314,"column":24}},"97":{"start":{"line":322,"column":8},"end":{"line":422,"column":9}},"98":{"start":{"line":324,"column":26},"end":{"line":324,"column":76}},"99":{"start":{"line":325,"column":27},"end":{"line":325,"column":38}},"100":{"start":{"line":328,"column":33},"end":{"line":337,"column":14}},"101":{"start":{"line":340,"column":12},"end":{"line":345,"column":13}},"102":{"start":{"line":341,"column":16},"end":{"line":344,"column":19}},"103":{"start":{"line":348,"column":31},"end":{"line":348,"column":70}},"104":{"start":{"line":348,"column":53},"end":{"line":348,"column":69}},"105":{"start":{"line":349,"column":34},"end":{"line":352,"column":18}},"106":{"start":{"line":350,"column":16},"end":{"line":350,"column":47}},"107":{"start":{"line":351,"column":16},"end":{"line":351,"column":27}},"108":{"start":{"line":353,"column":34},"end":{"line":356,"column":36}},"109":{"start":{"line":354,"column":32},"end":{"line":354,"column":43}},"110":{"start":{"line":356,"column":32},"end":{"line":356,"column":35}},"111":{"start":{"line":358,"column":32},"end":{"line":363,"column":15}},"112":{"start":{"line":358,"column":55},"end":{"line":363,"column":13}},"113":{"start":{"line":366,"column":27},"end":{"line":400,"column":1}},"114":{"start":{"line":370,"column":23},"end":{"line":370,"column":99}},"115":{"start":{"line":374,"column":63},"end":{"line":374,"column":84}},"116":{"start":{"line":403,"column":26},"end":{"line":403,"column":75}},"117":{"start":{"line":404,"column":27},"end":{"line":404,"column":62}},"118":{"start":{"line":405,"column":29},"end":{"line":405,"column":50}},"119":{"start":{"line":406,"column":23},"end":{"line":406,"column":38}},"120":{"start":{"line":409,"column":12},"end":{"line":409,"column":81}},"121":{"start":{"line":410,"column":36},"end":{"line":410,"column":52}},"122":{"start":{"line":413,"column":12},"end":{"line":413,"column":50}},"123":{"start":{"line":415,"column":12},"end":{"line":420,"column":13}},"124":{"start":{"line":416,"column":16},"end":{"line":419,"column":19}},"125":{"start":{"line":421,"column":12},"end":{"line":421,"column":24}},"126":{"start":{"line":430,"column":8},"end":{"line":470,"column":9}},"127":{"start":{"line":432,"column":26},"end":{"line":432,"column":76}},"128":{"start":{"line":433,"column":54},"end":{"line":433,"column":62}},"129":{"start":{"line":435,"column":12},"end":{"line":437,"column":13}},"130":{"start":{"line":436,"column":16},"end":{"line":436,"column":94}},"131":{"start":{"line":439,"column":27},"end":{"line":455,"column":1}},"132":{"start":{"line":457,"column":26},"end":{"line":457,"column":75}},"133":{"start":{"line":458,"column":27},"end":{"line":458,"column":62}},"134":{"start":{"line":459,"column":29},"end":{"line":459,"column":50}},"135":{"start":{"line":460,"column":32},"end":{"line":460,"column":47}},"136":{"start":{"line":462,"column":12},"end":{"line":467,"column":15}},"137":{"start":{"line":469,"column":12},"end":{"line":469,"column":24}}},"fnMap":{"0":{"name":"(anonymous_0)","decl":{"start":{"line":12,"column":4},"end":{"line":12,"column":5}},"loc":{"start":{"line":12,"column":55},"end":{"line":141,"column":5}},"line":12},"1":{"name":"(anonymous_1)","decl":{"start":{"line":37,"column":52},"end":{"line":37,"column":53}},"loc":{"start":{"line":37,"column":58},"end":{"line":42,"column":13}},"line":37},"2":{"name":"(anonymous_2)","decl":{"start":{"line":55,"column":21},"end":{"line":55,"column":22}},"loc":{"start":{"line":55,"column":26},"end":{"line":55,"column":81}},"line":55},"3":{"name":"(anonymous_3)","decl":{"start":{"line":56,"column":22},"end":{"line":56,"column":23}},"loc":{"start":{"line":56,"column":27},"end":{"line":56,"column":34}},"line":56},"4":{"name":"(anonymous_4)","decl":{"start":{"line":56,"column":80},"end":{"line":56,"column":81}},"loc":{"start":{"line":56,"column":85},"end":{"line":56,"column":92}},"line":56},"5":{"name":"(anonymous_5)","decl":{"start":{"line":56,"column":98},"end":{"line":56,"column":99}},"loc":{"start":{"line":56,"column":103},"end":{"line":56,"column":128}},"line":56},"6":{"name":"(anonymous_6)","decl":{"start":{"line":147,"column":4},"end":{"line":147,"column":5}},"loc":{"start":{"line":147,"column":41},"end":{"line":316,"column":5}},"line":147},"7":{"name":"(anonymous_7)","decl":{"start":{"line":171,"column":52},"end":{"line":171,"column":53}},"loc":{"start":{"line":171,"column":64},"end":{"line":178,"column":25}},"line":171},"8":{"name":"(anonymous_8)","decl":{"start":{"line":200,"column":61},"end":{"line":200,"column":62}},"loc":{"start":{"line":200,"column":66},"end":{"line":200,"column":78}},"line":200},"9":{"name":"(anonymous_9)","decl":{"start":{"line":204,"column":76},"end":{"line":204,"column":77}},"loc":{"start":{"line":205,"column":20},"end":{"line":205,"column":156}},"line":205},"10":{"name":"(anonymous_10)","decl":{"start":{"line":211,"column":85},"end":{"line":211,"column":86}},"loc":{"start":{"line":211,"column":90},"end":{"line":211,"column":112}},"line":211},"11":{"name":"(anonymous_11)","decl":{"start":{"line":260,"column":43},"end":{"line":260,"column":44}},"loc":{"start":{"line":260,"column":59},"end":{"line":264,"column":21}},"line":260},"12":{"name":"(anonymous_12)","decl":{"start":{"line":270,"column":54},"end":{"line":270,"column":55}},"loc":{"start":{"line":270,"column":59},"end":{"line":270,"column":113}},"line":270},"13":{"name":"(anonymous_13)","decl":{"start":{"line":321,"column":4},"end":{"line":321,"column":5}},"loc":{"start":{"line":321,"column":64},"end":{"line":423,"column":5}},"line":321},"14":{"name":"(anonymous_14)","decl":{"start":{"line":348,"column":48},"end":{"line":348,"column":49}},"loc":{"start":{"line":348,"column":53},"end":{"line":348,"column":69}},"line":348},"15":{"name":"(anonymous_15)","decl":{"start":{"line":349,"column":52},"end":{"line":349,"column":53}},"loc":{"start":{"line":349,"column":66},"end":{"line":352,"column":13}},"line":349},"16":{"name":"(anonymous_16)","decl":{"start":{"line":354,"column":22},"end":{"line":354,"column":23}},"loc":{"start":{"line":354,"column":32},"end":{"line":354,"column":43}},"line":354},"17":{"name":"(anonymous_17)","decl":{"start":{"line":356,"column":21},"end":{"line":356,"column":22}},"loc":{"start":{"line":356,"column":32},"end":{"line":356,"column":35}},"line":356},"18":{"name":"(anonymous_18)","decl":{"start":{"line":358,"column":49},"end":{"line":358,"column":50}},"loc":{"start":{"line":358,"column":55},"end":{"line":363,"column":13}},"line":358},"19":{"name":"(anonymous_19)","decl":{"start":{"line":370,"column":18},"end":{"line":370,"column":19}},"loc":{"start":{"line":370,"column":23},"end":{"line":370,"column":99}},"line":370},"20":{"name":"(anonymous_20)","decl":{"start":{"line":374,"column":51},"end":{"line":374,"column":52}},"loc":{"start":{"line":374,"column":63},"end":{"line":374,"column":84}},"line":374},"21":{"name":"(anonymous_21)","decl":{"start":{"line":429,"column":4},"end":{"line":429,"column":5}},"loc":{"start":{"line":429,"column":58},"end":{"line":471,"column":5}},"line":429}},"branchMap":{"0":{"loc":{"start":{"line":17,"column":33},"end":{"line":17,"column":41}},"type":"default-arg","locations":[{"start":{"line":17,"column":40},"end":{"line":17,"column":41}}],"line":17},"1":{"loc":{"start":{"line":17,"column":51},"end":{"line":17,"column":67}},"type":"default-arg","locations":[{"start":{"line":17,"column":65},"end":{"line":17,"column":67}}],"line":17},"2":{"loc":{"start":{"line":20,"column":12},"end":{"line":22,"column":13}},"type":"if","locations":[{"start":{"line":20,"column":12},"end":{"line":22,"column":13}},{"start":{},"end":{}}],"line":20},"3":{"loc":{"start":{"line":50,"column":10},"end":{"line":50,"column":30}},"type":"binary-expr","locations":[{"start":{"line":50,"column":10},"end":{"line":50,"column":16}},{"start":{"line":50,"column":20},"end":{"line":50,"column":30}}],"line":50},"4":{"loc":{"start":{"line":51,"column":20},"end":{"line":51,"column":87}},"type":"cond-expr","locations":[{"start":{"line":51,"column":45},"end":{"line":51,"column":67}},{"start":{"line":51,"column":70},"end":{"line":51,"column":87}}],"line":51},"5":{"loc":{"start":{"line":53,"column":2},"end":{"line":57,"column":78}},"type":"cond-expr","locations":[{"start":{"line":53,"column":30},"end":{"line":57,"column":1}},{"start":{"line":57,"column":4},"end":{"line":57,"column":78}}],"line":53},"6":{"loc":{"start":{"line":56,"column":2},"end":{"line":56,"column":145}},"type":"cond-expr","locations":[{"start":{"line":56,"column":38},"end":{"line":56,"column":140}},{"start":{"line":56,"column":143},"end":{"line":56,"column":145}}],"line":56},"7":{"loc":{"start":{"line":133,"column":12},"end":{"line":138,"column":13}},"type":"if","locations":[{"start":{"line":133,"column":12},"end":{"line":138,"column":13}},{"start":{},"end":{}}],"line":133},"8":{"loc":{"start":{"line":155,"column":29},"end":{"line":155,"column":53}},"type":"default-arg","locations":[{"start":{"line":155,"column":51},"end":{"line":155,"column":53}}],"line":155},"9":{"loc":{"start":{"line":158,"column":12},"end":{"line":160,"column":13}},"type":"if","locations":[{"start":{"line":158,"column":12},"end":{"line":160,"column":13}},{"start":{},"end":{}}],"line":158},"10":{"loc":{"start":{"line":165,"column":35},"end":{"line":165,"column":83}},"type":"binary-expr","locations":[{"start":{"line":165,"column":35},"end":{"line":165,"column":77}},{"start":{"line":165,"column":81},"end":{"line":165,"column":83}}],"line":165},"11":{"loc":{"start":{"line":168,"column":12},"end":{"line":183,"column":13}},"type":"if","locations":[{"start":{"line":168,"column":12},"end":{"line":183,"column":13}},{"start":{},"end":{}}],"line":168},"12":{"loc":{"start":{"line":199,"column":32},"end":{"line":201,"column":20}},"type":"cond-expr","locations":[{"start":{"line":200,"column":18},"end":{"line":200,"column":92}},{"start":{"line":201,"column":18},"end":{"line":201,"column":20}}],"line":199},"13":{"loc":{"start":{"line":203,"column":34},"end":{"line":207,"column":20}},"type":"cond-expr","locations":[{"start":{"line":204,"column":18},"end":{"line":206,"column":32}},{"start":{"line":207,"column":18},"end":{"line":207,"column":20}}],"line":203},"14":{"loc":{"start":{"line":210,"column":32},"end":{"line":212,"column":20}},"type":"cond-expr","locations":[{"start":{"line":211,"column":18},"end":{"line":211,"column":124}},{"start":{"line":212,"column":18},"end":{"line":212,"column":20}}],"line":210},"15":{"loc":{"start":{"line":254,"column":48},"end":{"line":254,"column":89}},"type":"binary-expr","locations":[{"start":{"line":254,"column":48},"end":{"line":254,"column":74}},{"start":{"line":254,"column":78},"end":{"line":254,"column":89}}],"line":254},"16":{"loc":{"start":{"line":257,"column":16},"end":{"line":293,"column":17}},"type":"if","locations":[{"start":{"line":257,"column":16},"end":{"line":293,"column":17}},{"start":{"line":266,"column":23},"end":{"line":293,"column":17}}],"line":257},"17":{"loc":{"start":{"line":270,"column":59},"end":{"line":270,"column":113}},"type":"binary-expr","locations":[{"start":{"line":270,"column":59},"end":{"line":270,"column":77}},{"start":{"line":270,"column":81},"end":{"line":270,"column":113}}],"line":270},"18":{"loc":{"start":{"line":272,"column":20},"end":{"line":292,"column":21}},"type":"if","locations":[{"start":{"line":272,"column":20},"end":{"line":292,"column":21}},{"start":{"line":285,"column":27},"end":{"line":292,"column":21}}],"line":272},"19":{"loc":{"start":{"line":299,"column":24},"end":{"line":299,"column":73}},"type":"cond-expr","locations":[{"start":{"line":299,"column":52},"end":{"line":299,"column":66}},{"start":{"line":299,"column":69},"end":{"line":299,"column":73}}],"line":299},"20":{"loc":{"start":{"line":307,"column":12},"end":{"line":312,"column":13}},"type":"if","locations":[{"start":{"line":307,"column":12},"end":{"line":312,"column":13}},{"start":{},"end":{}}],"line":307},"21":{"loc":{"start":{"line":307,"column":16},"end":{"line":307,"column":86}},"type":"binary-expr","locations":[{"start":{"line":307,"column":16},"end":{"line":307,"column":50}},{"start":{"line":307,"column":54},"end":{"line":307,"column":86}}],"line":307},"22":{"loc":{"start":{"line":340,"column":12},"end":{"line":345,"column":13}},"type":"if","locations":[{"start":{"line":340,"column":12},"end":{"line":345,"column":13}},{"start":{},"end":{}}],"line":340},"23":{"loc":{"start":{"line":350,"column":28},"end":{"line":350,"column":41}},"type":"binary-expr","locations":[{"start":{"line":350,"column":28},"end":{"line":350,"column":36}},{"start":{"line":350,"column":40},"end":{"line":350,"column":41}}],"line":350},"24":{"loc":{"start":{"line":374,"column":70},"end":{"line":374,"column":83}},"type":"binary-expr","locations":[{"start":{"line":374,"column":70},"end":{"line":374,"column":78}},{"start":{"line":374,"column":82},"end":{"line":374,"column":83}}],"line":374},"25":{"loc":{"start":{"line":415,"column":12},"end":{"line":420,"column":13}},"type":"if","locations":[{"start":{"line":415,"column":12},"end":{"line":420,"column":13}},{"start":{},"end":{}}],"line":415},"26":{"loc":{"start":{"line":435,"column":12},"end":{"line":437,"column":13}},"type":"if","locations":[{"start":{"line":435,"column":12},"end":{"line":437,"column":13}},{"start":{},"end":{}}],"line":435},"27":{"loc":{"start":{"line":435,"column":16},"end":{"line":435,"column":39}},"type":"binary-expr","locations":[{"start":{"line":435,"column":16},"end":{"line":435,"column":26}},{"start":{"line":435,"column":30},"end":{"line":435,"column":39}}],"line":435},"28":{"loc":{"start":{"line":444,"column":12},"end":{"line":444,"column":42}},"type":"binary-expr","locations":[{"start":{"line":444,"column":12},"end":{"line":444,"column":20}},{"start":{"line":444,"column":24},"end":{"line":444,"column":42}}],"line":444}},"s":{"0":5,"1":5,"2":5,"3":3,"4":3,"5":3,"6":3,"7":3,"8":1,"9":2,"10":2,"11":3,"12":2,"13":3,"14":2,"15":2,"16":2,"17":2,"18":2,"19":2,"20":2,"21":2,"22":2,"23":1,"24":2,"25":1,"26":1,"27":4,"28":4,"29":4,"30":4,"31":4,"32":4,"33":4,"34":1,"35":3,"36":3,"37":3,"38":3,"39":3,"40":8,"41":3,"42":3,"43":0,"44":3,"45":1,"46":3,"47":0,"48":3,"49":3,"50":3,"51":3,"52":3,"53":3,"54":3,"55":2,"56":2,"57":2,"58":2,"59":1,"60":1,"61":1,"62":0,"63":0,"64":0,"65":0,"66":0,"67":0,"68":1,"69":1,"70":1,"71":3,"72":1,"73":1,"74":1,"75":1,"76":1,"77":1,"78":1,"79":1,"80":1,"81":1,"82":1,"83":1,"84":1,"85":0,"86":0,"87":0,"88":0,"89":0,"90":0,"91":3,"92":1,"93":1,"94":1,"95":0,"96":1,"97":2,"98":2,"99":2,"100":2,"101":2,"102":0,"103":2,"104":2,"105":2,"106":2,"107":2,"108":2,"109":0,"110":2,"111":2,"112":2,"113":2,"114":2,"115":2,"116":2,"117":2,"118":2,"119":2,"120":2,"121":2,"122":1,"123":1,"124":1,"125":0,"126":3,"127":3,"128":3,"129":3,"130":1,"131":2,"132":2,"133":2,"134":1,"135":1,"136":1,"137":2},"f":{"0":3,"1":3,"2":3,"3":2,"4":2,"5":2,"6":4,"7":8,"8":0,"9":1,"10":0,"11":0,"12":3,"13":2,"14":2,"15":2,"16":0,"17":2,"18":2,"19":2,"20":2,"21":3},"b":{"0":[0],"1":[2],"2":[1,2],"3":[2,2],"4":[1,1],"5":[2,0],"6":[1,1],"7":[1,1],"8":[4],"9":[1,3],"10":[3,0],"11":[3,0],"12":[0,3],"13":[1,2],"14":[0,3],"15":[1,1],"16":[0,1],"17":[3,2],"18":[1,0],"19":[1,2],"20":[0,1],"21":[1,1],"22":[0,2],"23":[2,2],"24":[2,0],"25":[1,0],"26":[1,2],"27":[3,2],"28":[2,1]},"_coverageSchema":"1a1c01bbd47fc00a2c39e90264f33305004495a9","hash":"21f4c2edaa477e6bddb9729bc22f74068eb9166e"}
,"C:\\Users\\yosua\\Documents\\Hacktiv8\\Phase 2\\IndividualProject\\server\\controllers\\geoapifyController.js": {"path":"C:\\Users\\yosua\\Documents\\Hacktiv8\\Phase 2\\IndividualProject\\server\\controllers\\geoapifyController.js","statementMap":{"0":{"start":{"line":5,"column":14},"end":{"line":5,"column":30}},"1":{"start":{"line":8,"column":26},"end":{"line":8,"column":55}},"2":{"start":{"line":9,"column":25},"end":{"line":9,"column":53}},"3":{"start":{"line":16,"column":22},"end":{"line":16,"column":45}},"4":{"start":{"line":17,"column":19},"end":{"line":17,"column":21}},"5":{"start":{"line":20,"column":4},"end":{"line":55,"column":5}},"6":{"start":{"line":21,"column":8},"end":{"line":21,"column":56}},"7":{"start":{"line":22,"column":11},"end":{"line":55,"column":5}},"8":{"start":{"line":23,"column":8},"end":{"line":23,"column":53}},"9":{"start":{"line":24,"column":11},"end":{"line":55,"column":5}},"10":{"start":{"line":25,"column":8},"end":{"line":25,"column":50}},"11":{"start":{"line":26,"column":11},"end":{"line":55,"column":5}},"12":{"start":{"line":27,"column":8},"end":{"line":27,"column":52}},"13":{"start":{"line":28,"column":11},"end":{"line":55,"column":5}},"14":{"start":{"line":29,"column":8},"end":{"line":29,"column":53}},"15":{"start":{"line":30,"column":11},"end":{"line":55,"column":5}},"16":{"start":{"line":31,"column":8},"end":{"line":31,"column":51}},"17":{"start":{"line":32,"column":11},"end":{"line":55,"column":5}},"18":{"start":{"line":33,"column":8},"end":{"line":33,"column":57}},"19":{"start":{"line":34,"column":11},"end":{"line":55,"column":5}},"20":{"start":{"line":35,"column":8},"end":{"line":35,"column":51}},"21":{"start":{"line":36,"column":11},"end":{"line":55,"column":5}},"22":{"start":{"line":37,"column":8},"end":{"line":37,"column":58}},"23":{"start":{"line":38,"column":11},"end":{"line":55,"column":5}},"24":{"start":{"line":39,"column":8},"end":{"line":39,"column":52}},"25":{"start":{"line":42,"column":8},"end":{"line":54,"column":9}},"26":{"start":{"line":43,"column":12},"end":{"line":43,"column":58}},"27":{"start":{"line":44,"column":15},"end":{"line":54,"column":9}},"28":{"start":{"line":45,"column":12},"end":{"line":45,"column":57}},"29":{"start":{"line":46,"column":15},"end":{"line":54,"column":9}},"30":{"start":{"line":47,"column":12},"end":{"line":47,"column":61}},"31":{"start":{"line":48,"column":15},"end":{"line":54,"column":9}},"32":{"start":{"line":49,"column":12},"end":{"line":49,"column":62}},"33":{"start":{"line":50,"column":15},"end":{"line":54,"column":9}},"34":{"start":{"line":51,"column":12},"end":{"line":51,"column":60}},"35":{"start":{"line":53,"column":12},"end":{"line":53,"column":58}},"36":{"start":{"line":58,"column":4},"end":{"line":58,"column":72}},"37":{"start":{"line":61,"column":0},"end":{"line":401,"column":2}},"38":{"start":{"line":67,"column":8},"end":{"line":132,"column":9}},"39":{"start":{"line":68,"column":80},"end":{"line":68,"column":89}},"40":{"start":{"line":71,"column":12},"end":{"line":73,"column":13}},"41":{"start":{"line":72,"column":16},"end":{"line":72,"column":102}},"42":{"start":{"line":76,"column":27},"end":{"line":80,"column":13}},"43":{"start":{"line":83,"column":12},"end":{"line":86,"column":13}},"44":{"start":{"line":84,"column":16},"end":{"line":84,"column":65}},"45":{"start":{"line":85,"column":16},"end":{"line":85,"column":56}},"46":{"start":{"line":89,"column":12},"end":{"line":91,"column":13}},"47":{"start":{"line":90,"column":16},"end":{"line":90,"column":36}},"48":{"start":{"line":94,"column":29},"end":{"line":96,"column":14}},"49":{"start":{"line":99,"column":27},"end":{"line":111,"column":15}},"50":{"start":{"line":99,"column":66},"end":{"line":111,"column":13}},"51":{"start":{"line":114,"column":12},"end":{"line":122,"column":15}},"52":{"start":{"line":125,"column":12},"end":{"line":130,"column":13}},"53":{"start":{"line":126,"column":16},"end":{"line":129,"column":19}},"54":{"start":{"line":131,"column":12},"end":{"line":131,"column":24}},"55":{"start":{"line":139,"column":8},"end":{"line":192,"column":9}},"56":{"start":{"line":140,"column":32},"end":{"line":140,"column":42}},"57":{"start":{"line":143,"column":12},"end":{"line":145,"column":13}},"58":{"start":{"line":144,"column":16},"end":{"line":144,"column":78}},"59":{"start":{"line":149,"column":29},"end":{"line":154,"column":14}},"60":{"start":{"line":157,"column":26},"end":{"line":157,"column":51}},"61":{"start":{"line":159,"column":12},"end":{"line":161,"column":13}},"62":{"start":{"line":160,"column":16},"end":{"line":160,"column":71}},"63":{"start":{"line":163,"column":28},"end":{"line":181,"column":13}},"64":{"start":{"line":183,"column":12},"end":{"line":183,"column":42}},"65":{"start":{"line":185,"column":12},"end":{"line":190,"column":13}},"66":{"start":{"line":186,"column":16},"end":{"line":189,"column":19}},"67":{"start":{"line":191,"column":12},"end":{"line":191,"column":24}},"68":{"start":{"line":200,"column":8},"end":{"line":298,"column":9}},"69":{"start":{"line":201,"column":70},"end":{"line":201,"column":79}},"70":{"start":{"line":204,"column":12},"end":{"line":206,"column":13}},"71":{"start":{"line":205,"column":16},"end":{"line":205,"column":93}},"72":{"start":{"line":209,"column":29},"end":{"line":209,"column":38}},"73":{"start":{"line":210,"column":12},"end":{"line":218,"column":13}},"74":{"start":{"line":211,"column":16},"end":{"line":211,"column":65}},"75":{"start":{"line":212,"column":19},"end":{"line":218,"column":13}},"76":{"start":{"line":213,"column":16},"end":{"line":213,"column":46}},"77":{"start":{"line":214,"column":19},"end":{"line":218,"column":13}},"78":{"start":{"line":215,"column":16},"end":{"line":215,"column":37}},"79":{"start":{"line":216,"column":19},"end":{"line":218,"column":13}},"80":{"start":{"line":217,"column":16},"end":{"line":217,"column":48}},"81":{"start":{"line":221,"column":29},"end":{"line":229,"column":14}},"82":{"start":{"line":232,"column":30},"end":{"line":232,"column":39}},"83":{"start":{"line":233,"column":32},"end":{"line":279,"column":18}},"84":{"start":{"line":235,"column":33},"end":{"line":235,"column":56}},"85":{"start":{"line":236,"column":20},"end":{"line":238,"column":21}},"86":{"start":{"line":237,"column":24},"end":{"line":237,"column":37}},"87":{"start":{"line":239,"column":20},"end":{"line":239,"column":54}},"88":{"start":{"line":240,"column":20},"end":{"line":240,"column":32}},"89":{"start":{"line":244,"column":34},"end":{"line":244,"column":52}},"90":{"start":{"line":245,"column":39},"end":{"line":245,"column":61}},"91":{"start":{"line":248,"column":42},"end":{"line":248,"column":51}},"92":{"start":{"line":249,"column":20},"end":{"line":254,"column":101}},"93":{"start":{"line":249,"column":67},"end":{"line":249,"column":98}},"94":{"start":{"line":250,"column":25},"end":{"line":254,"column":101}},"95":{"start":{"line":250,"column":68},"end":{"line":250,"column":95}},"96":{"start":{"line":251,"column":25},"end":{"line":254,"column":101}},"97":{"start":{"line":251,"column":68},"end":{"line":251,"column":95}},"98":{"start":{"line":252,"column":25},"end":{"line":254,"column":101}},"99":{"start":{"line":252,"column":59},"end":{"line":252,"column":86}},"100":{"start":{"line":253,"column":25},"end":{"line":254,"column":101}},"101":{"start":{"line":253,"column":61},"end":{"line":253,"column":89}},"102":{"start":{"line":254,"column":25},"end":{"line":254,"column":101}},"103":{"start":{"line":254,"column":67},"end":{"line":254,"column":101}},"104":{"start":{"line":257,"column":41},"end":{"line":257,"column":74}},"105":{"start":{"line":258,"column":37},"end":{"line":258,"column":120}},"106":{"start":{"line":259,"column":40},"end":{"line":261,"column":57}},"107":{"start":{"line":264,"column":37},"end":{"line":264,"column":95}},"108":{"start":{"line":266,"column":20},"end":{"line":278,"column":22}},"109":{"start":{"line":281,"column":38},"end":{"line":281,"column":89}},"110":{"start":{"line":281,"column":65},"end":{"line":281,"column":88}},"111":{"start":{"line":283,"column":12},"end":{"line":289,"column":15}},"112":{"start":{"line":291,"column":12},"end":{"line":296,"column":13}},"113":{"start":{"line":292,"column":16},"end":{"line":295,"column":19}},"114":{"start":{"line":297,"column":12},"end":{"line":297,"column":24}},"115":{"start":{"line":307,"column":8},"end":{"line":349,"column":9}},"116":{"start":{"line":308,"column":32},"end":{"line":308,"column":41}},"117":{"start":{"line":310,"column":12},"end":{"line":312,"column":13}},"118":{"start":{"line":311,"column":16},"end":{"line":311,"column":77}},"119":{"start":{"line":315,"column":29},"end":{"line":321,"column":14}},"120":{"start":{"line":324,"column":28},"end":{"line":334,"column":15}},"121":{"start":{"line":324,"column":67},"end":{"line":334,"column":13}},"122":{"start":{"line":336,"column":12},"end":{"line":340,"column":15}},"123":{"start":{"line":342,"column":12},"end":{"line":347,"column":13}},"124":{"start":{"line":343,"column":16},"end":{"line":346,"column":19}},"125":{"start":{"line":348,"column":12},"end":{"line":348,"column":24}},"126":{"start":{"line":358,"column":8},"end":{"line":399,"column":9}},"127":{"start":{"line":359,"column":29},"end":{"line":359,"column":38}},"128":{"start":{"line":361,"column":12},"end":{"line":363,"column":13}},"129":{"start":{"line":362,"column":16},"end":{"line":362,"column":92}},"130":{"start":{"line":366,"column":29},"end":{"line":373,"column":14}},"131":{"start":{"line":376,"column":32},"end":{"line":385,"column":15}},"132":{"start":{"line":376,"column":71},"end":{"line":385,"column":13}},"133":{"start":{"line":387,"column":12},"end":{"line":390,"column":15}},"134":{"start":{"line":392,"column":12},"end":{"line":397,"column":13}},"135":{"start":{"line":393,"column":16},"end":{"line":396,"column":19}},"136":{"start":{"line":398,"column":12},"end":{"line":398,"column":24}}},"fnMap":{"0":{"name":"getImageForPlace","decl":{"start":{"line":12,"column":9},"end":{"line":12,"column":25}},"loc":{"start":{"line":12,"column":47},"end":{"line":59,"column":1}},"line":12},"1":{"name":"(anonymous_1)","decl":{"start":{"line":66,"column":4},"end":{"line":66,"column":5}},"loc":{"start":{"line":66,"column":46},"end":{"line":133,"column":5}},"line":66},"2":{"name":"(anonymous_2)","decl":{"start":{"line":99,"column":54},"end":{"line":99,"column":55}},"loc":{"start":{"line":99,"column":66},"end":{"line":111,"column":13}},"line":99},"3":{"name":"(anonymous_3)","decl":{"start":{"line":138,"column":4},"end":{"line":138,"column":5}},"loc":{"start":{"line":138,"column":49},"end":{"line":193,"column":5}},"line":138},"4":{"name":"(anonymous_4)","decl":{"start":{"line":199,"column":4},"end":{"line":199,"column":5}},"loc":{"start":{"line":199,"column":54},"end":{"line":299,"column":5}},"line":199},"5":{"name":"(anonymous_5)","decl":{"start":{"line":234,"column":24},"end":{"line":234,"column":25}},"loc":{"start":{"line":234,"column":35},"end":{"line":241,"column":17}},"line":234},"6":{"name":"(anonymous_6)","decl":{"start":{"line":243,"column":21},"end":{"line":243,"column":22}},"loc":{"start":{"line":243,"column":34},"end":{"line":279,"column":17}},"line":243},"7":{"name":"(anonymous_7)","decl":{"start":{"line":281,"column":55},"end":{"line":281,"column":56}},"loc":{"start":{"line":281,"column":65},"end":{"line":281,"column":88}},"line":281},"8":{"name":"(anonymous_8)","decl":{"start":{"line":306,"column":4},"end":{"line":306,"column":5}},"loc":{"start":{"line":306,"column":48},"end":{"line":350,"column":5}},"line":306},"9":{"name":"(anonymous_9)","decl":{"start":{"line":324,"column":55},"end":{"line":324,"column":56}},"loc":{"start":{"line":324,"column":67},"end":{"line":334,"column":13}},"line":324},"10":{"name":"(anonymous_10)","decl":{"start":{"line":357,"column":4},"end":{"line":357,"column":5}},"loc":{"start":{"line":357,"column":46},"end":{"line":400,"column":5}},"line":357},"11":{"name":"(anonymous_11)","decl":{"start":{"line":376,"column":59},"end":{"line":376,"column":60}},"loc":{"start":{"line":376,"column":71},"end":{"line":385,"column":13}},"line":376}},"branchMap":{"0":{"loc":{"start":{"line":20,"column":4},"end":{"line":55,"column":5}},"type":"if","locations":[{"start":{"line":20,"column":4},"end":{"line":55,"column":5}},{"start":{"line":22,"column":11},"end":{"line":55,"column":5}}],"line":20},"1":{"loc":{"start":{"line":22,"column":11},"end":{"line":55,"column":5}},"type":"if","locations":[{"start":{"line":22,"column":11},"end":{"line":55,"column":5}},{"start":{"line":24,"column":11},"end":{"line":55,"column":5}}],"line":22},"2":{"loc":{"start":{"line":24,"column":11},"end":{"line":55,"column":5}},"type":"if","locations":[{"start":{"line":24,"column":11},"end":{"line":55,"column":5}},{"start":{"line":26,"column":11},"end":{"line":55,"column":5}}],"line":24},"3":{"loc":{"start":{"line":24,"column":15},"end":{"line":24,"column":105}},"type":"binary-expr","locations":[{"start":{"line":24,"column":15},"end":{"line":24,"column":41}},{"start":{"line":24,"column":45},"end":{"line":24,"column":71}},{"start":{"line":24,"column":75},"end":{"line":24,"column":105}}],"line":24},"4":{"loc":{"start":{"line":26,"column":11},"end":{"line":55,"column":5}},"type":"if","locations":[{"start":{"line":26,"column":11},"end":{"line":55,"column":5}},{"start":{"line":28,"column":11},"end":{"line":55,"column":5}}],"line":26},"5":{"loc":{"start":{"line":28,"column":11},"end":{"line":55,"column":5}},"type":"if","locations":[{"start":{"line":28,"column":11},"end":{"line":55,"column":5}},{"start":{"line":30,"column":11},"end":{"line":55,"column":5}}],"line":28},"6":{"loc":{"start":{"line":30,"column":11},"end":{"line":55,"column":5}},"type":"if","locations":[{"start":{"line":30,"column":11},"end":{"line":55,"column":5}},{"start":{"line":32,"column":11},"end":{"line":55,"column":5}}],"line":30},"7":{"loc":{"start":{"line":32,"column":11},"end":{"line":55,"column":5}},"type":"if","locations":[{"start":{"line":32,"column":11},"end":{"line":55,"column":5}},{"start":{"line":34,"column":11},"end":{"line":55,"column":5}}],"line":32},"8":{"loc":{"start":{"line":34,"column":11},"end":{"line":55,"column":5}},"type":"if","locations":[{"start":{"line":34,"column":11},"end":{"line":55,"column":5}},{"start":{"line":36,"column":11},"end":{"line":55,"column":5}}],"line":34},"9":{"loc":{"start":{"line":36,"column":11},"end":{"line":55,"column":5}},"type":"if","locations":[{"start":{"line":36,"column":11},"end":{"line":55,"column":5}},{"start":{"line":38,"column":11},"end":{"line":55,"column":5}}],"line":36},"10":{"loc":{"start":{"line":38,"column":11},"end":{"line":55,"column":5}},"type":"if","locations":[{"start":{"line":38,"column":11},"end":{"line":55,"column":5}},{"start":{"line":40,"column":11},"end":{"line":55,"column":5}}],"line":38},"11":{"loc":{"start":{"line":42,"column":8},"end":{"line":54,"column":9}},"type":"if","locations":[{"start":{"line":42,"column":8},"end":{"line":54,"column":9}},{"start":{"line":44,"column":15},"end":{"line":54,"column":9}}],"line":42},"12":{"loc":{"start":{"line":42,"column":12},"end":{"line":42,"column":57}},"type":"binary-expr","locations":[{"start":{"line":42,"column":12},"end":{"line":42,"column":33}},{"start":{"line":42,"column":37},"end":{"line":42,"column":57}}],"line":42},"13":{"loc":{"start":{"line":44,"column":15},"end":{"line":54,"column":9}},"type":"if","locations":[{"start":{"line":44,"column":15},"end":{"line":54,"column":9}},{"start":{"line":46,"column":15},"end":{"line":54,"column":9}}],"line":44},"14":{"loc":{"start":{"line":44,"column":19},"end":{"line":44,"column":67}},"type":"binary-expr","locations":[{"start":{"line":44,"column":19},"end":{"line":44,"column":40}},{"start":{"line":44,"column":44},"end":{"line":44,"column":67}}],"line":44},"15":{"loc":{"start":{"line":46,"column":15},"end":{"line":54,"column":9}},"type":"if","locations":[{"start":{"line":46,"column":15},"end":{"line":54,"column":9}},{"start":{"line":48,"column":15},"end":{"line":54,"column":9}}],"line":46},"16":{"loc":{"start":{"line":48,"column":15},"end":{"line":54,"column":9}},"type":"if","locations":[{"start":{"line":48,"column":15},"end":{"line":54,"column":9}},{"start":{"line":50,"column":15},"end":{"line":54,"column":9}}],"line":48},"17":{"loc":{"start":{"line":48,"column":19},"end":{"line":48,"column":69}},"type":"binary-expr","locations":[{"start":{"line":48,"column":19},"end":{"line":48,"column":44}},{"start":{"line":48,"column":48},"end":{"line":48,"column":69}}],"line":48},"18":{"loc":{"start":{"line":50,"column":15},"end":{"line":54,"column":9}},"type":"if","locations":[{"start":{"line":50,"column":15},"end":{"line":54,"column":9}},{"start":{"line":52,"column":15},"end":{"line":54,"column":9}}],"line":50},"19":{"loc":{"start":{"line":50,"column":19},"end":{"line":50,"column":66}},"type":"binary-expr","locations":[{"start":{"line":50,"column":19},"end":{"line":50,"column":41}},{"start":{"line":50,"column":45},"end":{"line":50,"column":66}}],"line":50},"20":{"loc":{"start":{"line":68,"column":37},"end":{"line":68,"column":51}},"type":"default-arg","locations":[{"start":{"line":68,"column":46},"end":{"line":68,"column":51}}],"line":68},"21":{"loc":{"start":{"line":68,"column":53},"end":{"line":68,"column":75}},"type":"default-arg","locations":[{"start":{"line":68,"column":66},"end":{"line":68,"column":75}}],"line":68},"22":{"loc":{"start":{"line":71,"column":12},"end":{"line":73,"column":13}},"type":"if","locations":[{"start":{"line":71,"column":12},"end":{"line":73,"column":13}},{"start":{},"end":{}}],"line":71},"23":{"loc":{"start":{"line":71,"column":16},"end":{"line":71,"column":38}},"type":"binary-expr","locations":[{"start":{"line":71,"column":16},"end":{"line":71,"column":22}},{"start":{"line":71,"column":26},"end":{"line":71,"column":30}},{"start":{"line":71,"column":34},"end":{"line":71,"column":38}}],"line":71},"24":{"loc":{"start":{"line":83,"column":12},"end":{"line":86,"column":13}},"type":"if","locations":[{"start":{"line":83,"column":12},"end":{"line":86,"column":13}},{"start":{},"end":{}}],"line":83},"25":{"loc":{"start":{"line":83,"column":16},"end":{"line":83,"column":26}},"type":"binary-expr","locations":[{"start":{"line":83,"column":16},"end":{"line":83,"column":19}},{"start":{"line":83,"column":23},"end":{"line":83,"column":26}}],"line":83},"26":{"loc":{"start":{"line":89,"column":12},"end":{"line":91,"column":13}},"type":"if","locations":[{"start":{"line":89,"column":12},"end":{"line":91,"column":13}},{"start":{},"end":{}}],"line":89},"27":{"loc":{"start":{"line":101,"column":22},"end":{"line":101,"column":77}},"type":"binary-expr","locations":[{"start":{"line":101,"column":22},"end":{"line":101,"column":45}},{"start":{"line":101,"column":49},"end":{"line":101,"column":77}}],"line":101},"28":{"loc":{"start":{"line":118,"column":30},"end":{"line":118,"column":62}},"type":"cond-expr","locations":[{"start":{"line":118,"column":43},"end":{"line":118,"column":55}},{"start":{"line":118,"column":58},"end":{"line":118,"column":62}}],"line":118},"29":{"loc":{"start":{"line":118,"column":30},"end":{"line":118,"column":40}},"type":"binary-expr","locations":[{"start":{"line":118,"column":30},"end":{"line":118,"column":33}},{"start":{"line":118,"column":37},"end":{"line":118,"column":40}}],"line":118},"30":{"loc":{"start":{"line":125,"column":12},"end":{"line":130,"column":13}},"type":"if","locations":[{"start":{"line":125,"column":12},"end":{"line":130,"column":13}},{"start":{},"end":{}}],"line":125},"31":{"loc":{"start":{"line":128,"column":52},"end":{"line":128,"column":96}},"type":"binary-expr","locations":[{"start":{"line":128,"column":52},"end":{"line":128,"column":79}},{"start":{"line":128,"column":83},"end":{"line":128,"column":96}}],"line":128},"32":{"loc":{"start":{"line":143,"column":12},"end":{"line":145,"column":13}},"type":"if","locations":[{"start":{"line":143,"column":12},"end":{"line":145,"column":13}},{"start":{},"end":{}}],"line":143},"33":{"loc":{"start":{"line":159,"column":12},"end":{"line":161,"column":13}},"type":"if","locations":[{"start":{"line":159,"column":12},"end":{"line":161,"column":13}},{"start":{},"end":{}}],"line":159},"34":{"loc":{"start":{"line":165,"column":22},"end":{"line":165,"column":73}},"type":"binary-expr","locations":[{"start":{"line":165,"column":22},"end":{"line":165,"column":43}},{"start":{"line":165,"column":47},"end":{"line":165,"column":73}}],"line":165},"35":{"loc":{"start":{"line":185,"column":12},"end":{"line":190,"column":13}},"type":"if","locations":[{"start":{"line":185,"column":12},"end":{"line":190,"column":13}},{"start":{},"end":{}}],"line":185},"36":{"loc":{"start":{"line":188,"column":52},"end":{"line":188,"column":96}},"type":"binary-expr","locations":[{"start":{"line":188,"column":52},"end":{"line":188,"column":79}},{"start":{"line":188,"column":83},"end":{"line":188,"column":96}}],"line":188},"37":{"loc":{"start":{"line":201,"column":30},"end":{"line":201,"column":44}},"type":"default-arg","locations":[{"start":{"line":201,"column":39},"end":{"line":201,"column":44}}],"line":201},"38":{"loc":{"start":{"line":201,"column":46},"end":{"line":201,"column":65}},"type":"default-arg","locations":[{"start":{"line":201,"column":53},"end":{"line":201,"column":65}}],"line":201},"39":{"loc":{"start":{"line":204,"column":12},"end":{"line":206,"column":13}},"type":"if","locations":[{"start":{"line":204,"column":12},"end":{"line":206,"column":13}},{"start":{},"end":{}}],"line":204},"40":{"loc":{"start":{"line":204,"column":16},"end":{"line":204,"column":28}},"type":"binary-expr","locations":[{"start":{"line":204,"column":16},"end":{"line":204,"column":20}},{"start":{"line":204,"column":24},"end":{"line":204,"column":28}}],"line":204},"41":{"loc":{"start":{"line":210,"column":12},"end":{"line":218,"column":13}},"type":"if","locations":[{"start":{"line":210,"column":12},"end":{"line":218,"column":13}},{"start":{"line":212,"column":19},"end":{"line":218,"column":13}}],"line":210},"42":{"loc":{"start":{"line":212,"column":19},"end":{"line":218,"column":13}},"type":"if","locations":[{"start":{"line":212,"column":19},"end":{"line":218,"column":13}},{"start":{"line":214,"column":19},"end":{"line":218,"column":13}}],"line":212},"43":{"loc":{"start":{"line":214,"column":19},"end":{"line":218,"column":13}},"type":"if","locations":[{"start":{"line":214,"column":19},"end":{"line":218,"column":13}},{"start":{"line":216,"column":19},"end":{"line":218,"column":13}}],"line":214},"44":{"loc":{"start":{"line":216,"column":19},"end":{"line":218,"column":13}},"type":"if","locations":[{"start":{"line":216,"column":19},"end":{"line":218,"column":13}},{"start":{},"end":{}}],"line":216},"45":{"loc":{"start":{"line":236,"column":20},"end":{"line":238,"column":21}},"type":"if","locations":[{"start":{"line":236,"column":20},"end":{"line":238,"column":21}},{"start":{},"end":{}}],"line":236},"46":{"loc":{"start":{"line":236,"column":24},"end":{"line":236,"column":66}},"type":"binary-expr","locations":[{"start":{"line":236,"column":24},"end":{"line":236,"column":29}},{"start":{"line":236,"column":33},"end":{"line":236,"column":66}}],"line":236},"47":{"loc":{"start":{"line":245,"column":39},"end":{"line":245,"column":61}},"type":"binary-expr","locations":[{"start":{"line":245,"column":39},"end":{"line":245,"column":55}},{"start":{"line":245,"column":59},"end":{"line":245,"column":61}}],"line":245},"48":{"loc":{"start":{"line":249,"column":20},"end":{"line":254,"column":101}},"type":"if","locations":[{"start":{"line":249,"column":20},"end":{"line":254,"column":101}},{"start":{"line":250,"column":25},"end":{"line":254,"column":101}}],"line":249},"49":{"loc":{"start":{"line":250,"column":25},"end":{"line":254,"column":101}},"type":"if","locations":[{"start":{"line":250,"column":25},"end":{"line":254,"column":101}},{"start":{"line":251,"column":25},"end":{"line":254,"column":101}}],"line":250},"50":{"loc":{"start":{"line":251,"column":25},"end":{"line":254,"column":101}},"type":"if","locations":[{"start":{"line":251,"column":25},"end":{"line":254,"column":101}},{"start":{"line":252,"column":25},"end":{"line":254,"column":101}}],"line":251},"51":{"loc":{"start":{"line":252,"column":25},"end":{"line":254,"column":101}},"type":"if","locations":[{"start":{"line":252,"column":25},"end":{"line":254,"column":101}},{"start":{"line":253,"column":25},"end":{"line":254,"column":101}}],"line":252},"52":{"loc":{"start":{"line":253,"column":25},"end":{"line":254,"column":101}},"type":"if","locations":[{"start":{"line":253,"column":25},"end":{"line":254,"column":101}},{"start":{"line":254,"column":25},"end":{"line":254,"column":101}}],"line":253},"53":{"loc":{"start":{"line":254,"column":25},"end":{"line":254,"column":101}},"type":"if","locations":[{"start":{"line":254,"column":25},"end":{"line":254,"column":101}},{"start":{},"end":{}}],"line":254},"54":{"loc":{"start":{"line":257,"column":41},"end":{"line":257,"column":74}},"type":"binary-expr","locations":[{"start":{"line":257,"column":41},"end":{"line":257,"column":68}},{"start":{"line":257,"column":72},"end":{"line":257,"column":74}}],"line":257},"55":{"loc":{"start":{"line":258,"column":37},"end":{"line":258,"column":120}},"type":"cond-expr","locations":[{"start":{"line":258,"column":63},"end":{"line":258,"column":102}},{"start":{"line":258,"column":105},"end":{"line":258,"column":120}}],"line":258},"56":{"loc":{"start":{"line":259,"column":40},"end":{"line":261,"column":57}},"type":"cond-expr","locations":[{"start":{"line":260,"column":24},"end":{"line":260,"column":159}},{"start":{"line":261,"column":24},"end":{"line":261,"column":57}}],"line":259},"57":{"loc":{"start":{"line":264,"column":54},"end":{"line":264,"column":77}},"type":"binary-expr","locations":[{"start":{"line":264,"column":54},"end":{"line":264,"column":64}},{"start":{"line":264,"column":68},"end":{"line":264,"column":77}}],"line":264},"58":{"loc":{"start":{"line":268,"column":30},"end":{"line":268,"column":59}},"type":"binary-expr","locations":[{"start":{"line":268,"column":30},"end":{"line":268,"column":40}},{"start":{"line":268,"column":44},"end":{"line":268,"column":59}}],"line":268},"59":{"loc":{"start":{"line":291,"column":12},"end":{"line":296,"column":13}},"type":"if","locations":[{"start":{"line":291,"column":12},"end":{"line":296,"column":13}},{"start":{},"end":{}}],"line":291},"60":{"loc":{"start":{"line":294,"column":52},"end":{"line":294,"column":96}},"type":"binary-expr","locations":[{"start":{"line":294,"column":52},"end":{"line":294,"column":79}},{"start":{"line":294,"column":83},"end":{"line":294,"column":96}}],"line":294},"61":{"loc":{"start":{"line":310,"column":12},"end":{"line":312,"column":13}},"type":"if","locations":[{"start":{"line":310,"column":12},"end":{"line":312,"column":13}},{"start":{},"end":{}}],"line":310},"62":{"loc":{"start":{"line":342,"column":12},"end":{"line":347,"column":13}},"type":"if","locations":[{"start":{"line":342,"column":12},"end":{"line":347,"column":13}},{"start":{},"end":{}}],"line":342},"63":{"loc":{"start":{"line":345,"column":52},"end":{"line":345,"column":96}},"type":"binary-expr","locations":[{"start":{"line":345,"column":52},"end":{"line":345,"column":79}},{"start":{"line":345,"column":83},"end":{"line":345,"column":96}}],"line":345},"64":{"loc":{"start":{"line":361,"column":12},"end":{"line":363,"column":13}},"type":"if","locations":[{"start":{"line":361,"column":12},"end":{"line":363,"column":13}},{"start":{},"end":{}}],"line":361},"65":{"loc":{"start":{"line":361,"column":16},"end":{"line":361,"column":40}},"type":"binary-expr","locations":[{"start":{"line":361,"column":16},"end":{"line":361,"column":21}},{"start":{"line":361,"column":25},"end":{"line":361,"column":40}}],"line":361},"66":{"loc":{"start":{"line":392,"column":12},"end":{"line":397,"column":13}},"type":"if","locations":[{"start":{"line":392,"column":12},"end":{"line":397,"column":13}},{"start":{},"end":{}}],"line":392},"67":{"loc":{"start":{"line":395,"column":52},"end":{"line":395,"column":96}},"type":"binary-expr","locations":[{"start":{"line":395,"column":52},"end":{"line":395,"column":79}},{"start":{"line":395,"column":83},"end":{"line":395,"column":96}}],"line":395}},"s":{"0":5,"1":5,"2":5,"3":1,"4":1,"5":1,"6":0,"7":1,"8":0,"9":1,"10":0,"11":1,"12":0,"13":1,"14":0,"15":1,"16":0,"17":1,"18":0,"19":1,"20":0,"21":1,"22":0,"23":1,"24":0,"25":1,"26":0,"27":1,"28":0,"29":1,"30":0,"31":1,"32":0,"33":1,"34":0,"35":1,"36":1,"37":5,"38":4,"39":4,"40":4,"41":1,"42":3,"43":3,"44":1,"45":1,"46":3,"47":3,"48":3,"49":2,"50":2,"51":2,"52":2,"53":1,"54":1,"55":3,"56":3,"57":3,"58":0,"59":3,"60":2,"61":2,"62":1,"63":1,"64":1,"65":2,"66":1,"67":1,"68":5,"69":5,"70":5,"71":2,"72":3,"73":3,"74":2,"75":1,"76":1,"77":0,"78":0,"79":0,"80":0,"81":3,"82":3,"83":3,"84":1,"85":1,"86":0,"87":1,"88":1,"89":1,"90":1,"91":1,"92":1,"93":0,"94":1,"95":0,"96":1,"97":0,"98":1,"99":0,"100":1,"101":0,"102":1,"103":0,"104":1,"105":1,"106":1,"107":1,"108":1,"109":3,"110":0,"111":3,"112":2,"113":0,"114":2,"115":3,"116":3,"117":3,"118":1,"119":2,"120":1,"121":1,"122":1,"123":2,"124":1,"125":1,"126":4,"127":4,"128":4,"129":2,"130":2,"131":2,"132":2,"133":2,"134":2,"135":0,"136":2},"f":{"0":1,"1":4,"2":2,"3":3,"4":5,"5":1,"6":1,"7":0,"8":3,"9":1,"10":4,"11":2},"b":{"0":[0,1],"1":[0,1],"2":[0,1],"3":[1,1,1],"4":[0,1],"5":[0,1],"6":[0,1],"7":[0,1],"8":[0,1],"9":[0,1],"10":[0,1],"11":[0,1],"12":[1,1],"13":[0,1],"14":[1,1],"15":[0,1],"16":[0,1],"17":[1,1],"18":[0,1],"19":[1,1],"20":[3],"21":[4],"22":[1,3],"23":[4,1,1],"24":[1,2],"25":[3,1],"26":[3,0],"27":[2,0],"28":[1,1],"29":[2,1],"30":[1,1],"31":[1,0],"32":[0,3],"33":[1,1],"34":[1,0],"35":[1,1],"36":[1,0],"37":[2],"38":[4],"39":[2,3],"40":[5,4],"41":[2,1],"42":[1,0],"43":[0,0],"44":[0,0],"45":[0,1],"46":[1,1],"47":[1,0],"48":[0,1],"49":[0,1],"50":[0,1],"51":[0,1],"52":[0,1],"53":[0,1],"54":[1,0],"55":[0,1],"56":[1,0],"57":[1,0],"58":[1,0],"59":[0,2],"60":[0,0],"61":[1,2],"62":[1,1],"63":[1,0],"64":[2,2],"65":[4,3],"66":[0,2],"67":[0,0]},"_coverageSchema":"1a1c01bbd47fc00a2c39e90264f33305004495a9","hash":"c58028f6d23dda20590bdb6e8932a57018d02852"}
,"C:\\Users\\yosua\\Documents\\Hacktiv8\\Phase 2\\IndividualProject\\server\\controllers\\placeController.js": {"path":"C:\\Users\\yosua\\Documents\\Hacktiv8\\Phase 2\\IndividualProject\\server\\controllers\\placeController.js","statementMap":{"0":{"start":{"line":6,"column":29},"end":{"line":6,"column":49}},"1":{"start":{"line":7,"column":15},"end":{"line":7,"column":35}},"2":{"start":{"line":8,"column":14},"end":{"line":8,"column":30}},"3":{"start":{"line":12,"column":4},"end":{"line":76,"column":5}},"4":{"start":{"line":14,"column":26},"end":{"line":14,"column":35}},"5":{"start":{"line":15,"column":26},"end":{"line":15,"column":49}},"6":{"start":{"line":18,"column":8},"end":{"line":52,"column":9}},"7":{"start":{"line":19,"column":12},"end":{"line":19,"column":73}},"8":{"start":{"line":20,"column":15},"end":{"line":52,"column":9}},"9":{"start":{"line":21,"column":12},"end":{"line":21,"column":64}},"10":{"start":{"line":22,"column":15},"end":{"line":52,"column":9}},"11":{"start":{"line":23,"column":12},"end":{"line":23,"column":66}},"12":{"start":{"line":24,"column":15},"end":{"line":52,"column":9}},"13":{"start":{"line":25,"column":12},"end":{"line":25,"column":67}},"14":{"start":{"line":26,"column":15},"end":{"line":52,"column":9}},"15":{"start":{"line":27,"column":12},"end":{"line":27,"column":67}},"16":{"start":{"line":28,"column":15},"end":{"line":52,"column":9}},"17":{"start":{"line":29,"column":12},"end":{"line":29,"column":59}},"18":{"start":{"line":30,"column":15},"end":{"line":52,"column":9}},"19":{"start":{"line":31,"column":12},"end":{"line":31,"column":61}},"20":{"start":{"line":32,"column":15},"end":{"line":52,"column":9}},"21":{"start":{"line":33,"column":12},"end":{"line":33,"column":56}},"22":{"start":{"line":34,"column":15},"end":{"line":52,"column":9}},"23":{"start":{"line":35,"column":12},"end":{"line":35,"column":56}},"24":{"start":{"line":38,"column":12},"end":{"line":40,"column":13}},"25":{"start":{"line":39,"column":16},"end":{"line":39,"column":44}},"26":{"start":{"line":43,"column":12},"end":{"line":51,"column":13}},"27":{"start":{"line":44,"column":16},"end":{"line":44,"column":46}},"28":{"start":{"line":45,"column":19},"end":{"line":51,"column":13}},"29":{"start":{"line":46,"column":16},"end":{"line":46,"column":51}},"30":{"start":{"line":47,"column":19},"end":{"line":51,"column":13}},"31":{"start":{"line":48,"column":16},"end":{"line":48,"column":49}},"32":{"start":{"line":49,"column":19},"end":{"line":51,"column":13}},"33":{"start":{"line":50,"column":16},"end":{"line":50,"column":41}},"34":{"start":{"line":54,"column":8},"end":{"line":54,"column":65}},"35":{"start":{"line":56,"column":33},"end":{"line":65,"column":10}},"36":{"start":{"line":67,"column":8},"end":{"line":71,"column":9}},"37":{"start":{"line":68,"column":29},"end":{"line":68,"column":74}},"38":{"start":{"line":69,"column":12},"end":{"line":69,"column":80}},"39":{"start":{"line":70,"column":12},"end":{"line":70,"column":28}},"40":{"start":{"line":73,"column":8},"end":{"line":73,"column":64}},"41":{"start":{"line":75,"column":8},"end":{"line":75,"column":103}},"42":{"start":{"line":77,"column":4},"end":{"line":77,"column":16}},"43":{"start":{"line":80,"column":0},"end":{"line":272,"column":2}},"44":{"start":{"line":86,"column":8},"end":{"line":116,"column":9}},"45":{"start":{"line":87,"column":41},"end":{"line":87,"column":50}},"46":{"start":{"line":90,"column":36},"end":{"line":90,"column":38}},"47":{"start":{"line":93,"column":12},"end":{"line":95,"column":13}},"48":{"start":{"line":94,"column":16},"end":{"line":94,"column":52}},"49":{"start":{"line":98,"column":12},"end":{"line":103,"column":13}},"50":{"start":{"line":99,"column":16},"end":{"line":102,"column":18}},"51":{"start":{"line":106,"column":27},"end":{"line":109,"column":14}},"52":{"start":{"line":112,"column":12},"end":{"line":112,"column":41}},"53":{"start":{"line":115,"column":12},"end":{"line":115,"column":24}},"54":{"start":{"line":123,"column":8},"end":{"line":214,"column":9}},"55":{"start":{"line":124,"column":27},"end":{"line":124,"column":37}},"56":{"start":{"line":127,"column":12},"end":{"line":199,"column":13}},"57":{"start":{"line":129,"column":30},"end":{"line":129,"column":46}},"58":{"start":{"line":130,"column":42},"end":{"line":130,"column":71}},"59":{"start":{"line":131,"column":41},"end":{"line":131,"column":69}},"60":{"start":{"line":133,"column":16},"end":{"line":198,"column":17}},"61":{"start":{"line":134,"column":37},"end":{"line":139,"column":22}},"62":{"start":{"line":141,"column":36},"end":{"line":141,"column":61}},"63":{"start":{"line":142,"column":20},"end":{"line":144,"column":21}},"64":{"start":{"line":143,"column":24},"end":{"line":143,"column":79}},"65":{"start":{"line":146,"column":34},"end":{"line":146,"column":52}},"66":{"start":{"line":147,"column":39},"end":{"line":147,"column":61}},"67":{"start":{"line":150,"column":42},"end":{"line":150,"column":51}},"68":{"start":{"line":151,"column":20},"end":{"line":155,"column":89}},"69":{"start":{"line":151,"column":67},"end":{"line":151,"column":98}},"70":{"start":{"line":152,"column":25},"end":{"line":155,"column":89}},"71":{"start":{"line":152,"column":68},"end":{"line":152,"column":95}},"72":{"start":{"line":153,"column":25},"end":{"line":155,"column":89}},"73":{"start":{"line":153,"column":68},"end":{"line":153,"column":95}},"74":{"start":{"line":154,"column":25},"end":{"line":155,"column":89}},"75":{"start":{"line":154,"column":59},"end":{"line":154,"column":86}},"76":{"start":{"line":155,"column":25},"end":{"line":155,"column":89}},"77":{"start":{"line":155,"column":61},"end":{"line":155,"column":89}},"78":{"start":{"line":158,"column":41},"end":{"line":158,"column":74}},"79":{"start":{"line":159,"column":37},"end":{"line":159,"column":120}},"80":{"start":{"line":160,"column":44},"end":{"line":162,"column":57}},"81":{"start":{"line":165,"column":38},"end":{"line":165,"column":105}},"82":{"start":{"line":166,"column":39},"end":{"line":166,"column":125}},"83":{"start":{"line":167,"column":20},"end":{"line":177,"column":21}},"84":{"start":{"line":168,"column":24},"end":{"line":176,"column":25}},"85":{"start":{"line":169,"column":28},"end":{"line":169,"column":114}},"86":{"start":{"line":170,"column":31},"end":{"line":176,"column":25}},"87":{"start":{"line":171,"column":28},"end":{"line":171,"column":117}},"88":{"start":{"line":172,"column":31},"end":{"line":176,"column":25}},"89":{"start":{"line":173,"column":28},"end":{"line":173,"column":117}},"90":{"start":{"line":174,"column":31},"end":{"line":176,"column":25}},"91":{"start":{"line":175,"column":28},"end":{"line":175,"column":117}},"92":{"start":{"line":180,"column":38},"end":{"line":192,"column":21}},"93":{"start":{"line":194,"column":20},"end":{"line":194,"column":59}},"94":{"start":{"line":196,"column":20},"end":{"line":196,"column":71}},"95":{"start":{"line":197,"column":20},"end":{"line":197,"column":75}},"96":{"start":{"line":202,"column":26},"end":{"line":202,"column":50}},"97":{"start":{"line":205,"column":12},"end":{"line":207,"column":13}},"98":{"start":{"line":206,"column":16},"end":{"line":206,"column":71}},"99":{"start":{"line":210,"column":12},"end":{"line":210,"column":40}},"100":{"start":{"line":213,"column":12},"end":{"line":213,"column":24}},"101":{"start":{"line":222,"column":8},"end":{"line":270,"column":9}},"102":{"start":{"line":223,"column":46},"end":{"line":223,"column":55}},"103":{"start":{"line":226,"column":12},"end":{"line":228,"column":13}},"104":{"start":{"line":227,"column":16},"end":{"line":227,"column":93}},"105":{"start":{"line":231,"column":29},"end":{"line":231,"column":44}},"106":{"start":{"line":232,"column":30},"end":{"line":232,"column":45}},"107":{"start":{"line":233,"column":29},"end":{"line":233,"column":47}},"108":{"start":{"line":236,"column":12},"end":{"line":238,"column":13}},"109":{"start":{"line":237,"column":16},"end":{"line":237,"column":74}},"110":{"start":{"line":239,"column":12},"end":{"line":241,"column":13}},"111":{"start":{"line":240,"column":16},"end":{"line":240,"column":75}},"112":{"start":{"line":246,"column":27},"end":{"line":264,"column":53}},"113":{"start":{"line":267,"column":12},"end":{"line":267,"column":41}},"114":{"start":{"line":269,"column":12},"end":{"line":269,"column":24}}},"fnMap":{"0":{"name":"fetchPlaceImage","decl":{"start":{"line":11,"column":15},"end":{"line":11,"column":30}},"loc":{"start":{"line":11,"column":52},"end":{"line":78,"column":1}},"line":11},"1":{"name":"(anonymous_1)","decl":{"start":{"line":85,"column":4},"end":{"line":85,"column":5}},"loc":{"start":{"line":85,"column":46},"end":{"line":117,"column":5}},"line":85},"2":{"name":"(anonymous_2)","decl":{"start":{"line":122,"column":4},"end":{"line":122,"column":5}},"loc":{"start":{"line":122,"column":46},"end":{"line":215,"column":5}},"line":122},"3":{"name":"(anonymous_3)","decl":{"start":{"line":221,"column":4},"end":{"line":221,"column":5}},"loc":{"start":{"line":221,"column":53},"end":{"line":271,"column":5}},"line":221}},"branchMap":{"0":{"loc":{"start":{"line":18,"column":8},"end":{"line":52,"column":9}},"type":"if","locations":[{"start":{"line":18,"column":8},"end":{"line":52,"column":9}},{"start":{"line":20,"column":15},"end":{"line":52,"column":9}}],"line":18},"1":{"loc":{"start":{"line":20,"column":15},"end":{"line":52,"column":9}},"type":"if","locations":[{"start":{"line":20,"column":15},"end":{"line":52,"column":9}},{"start":{"line":22,"column":15},"end":{"line":52,"column":9}}],"line":20},"2":{"loc":{"start":{"line":22,"column":15},"end":{"line":52,"column":9}},"type":"if","locations":[{"start":{"line":22,"column":15},"end":{"line":52,"column":9}},{"start":{"line":24,"column":15},"end":{"line":52,"column":9}}],"line":22},"3":{"loc":{"start":{"line":24,"column":15},"end":{"line":52,"column":9}},"type":"if","locations":[{"start":{"line":24,"column":15},"end":{"line":52,"column":9}},{"start":{"line":26,"column":15},"end":{"line":52,"column":9}}],"line":24},"4":{"loc":{"start":{"line":26,"column":15},"end":{"line":52,"column":9}},"type":"if","locations":[{"start":{"line":26,"column":15},"end":{"line":52,"column":9}},{"start":{"line":28,"column":15},"end":{"line":52,"column":9}}],"line":26},"5":{"loc":{"start":{"line":28,"column":15},"end":{"line":52,"column":9}},"type":"if","locations":[{"start":{"line":28,"column":15},"end":{"line":52,"column":9}},{"start":{"line":30,"column":15},"end":{"line":52,"column":9}}],"line":28},"6":{"loc":{"start":{"line":30,"column":15},"end":{"line":52,"column":9}},"type":"if","locations":[{"start":{"line":30,"column":15},"end":{"line":52,"column":9}},{"start":{"line":32,"column":15},"end":{"line":52,"column":9}}],"line":30},"7":{"loc":{"start":{"line":32,"column":15},"end":{"line":52,"column":9}},"type":"if","locations":[{"start":{"line":32,"column":15},"end":{"line":52,"column":9}},{"start":{"line":34,"column":15},"end":{"line":52,"column":9}}],"line":32},"8":{"loc":{"start":{"line":34,"column":15},"end":{"line":52,"column":9}},"type":"if","locations":[{"start":{"line":34,"column":15},"end":{"line":52,"column":9}},{"start":{"line":36,"column":15},"end":{"line":52,"column":9}}],"line":34},"9":{"loc":{"start":{"line":34,"column":19},"end":{"line":34,"column":110}},"type":"binary-expr","locations":[{"start":{"line":34,"column":19},"end":{"line":34,"column":45}},{"start":{"line":34,"column":49},"end":{"line":34,"column":75}},{"start":{"line":34,"column":79},"end":{"line":34,"column":110}}],"line":34},"10":{"loc":{"start":{"line":38,"column":12},"end":{"line":40,"column":13}},"type":"if","locations":[{"start":{"line":38,"column":12},"end":{"line":40,"column":13}},{"start":{},"end":{}}],"line":38},"11":{"loc":{"start":{"line":43,"column":12},"end":{"line":51,"column":13}},"type":"if","locations":[{"start":{"line":43,"column":12},"end":{"line":51,"column":13}},{"start":{"line":45,"column":19},"end":{"line":51,"column":13}}],"line":43},"12":{"loc":{"start":{"line":45,"column":19},"end":{"line":51,"column":13}},"type":"if","locations":[{"start":{"line":45,"column":19},"end":{"line":51,"column":13}},{"start":{"line":47,"column":19},"end":{"line":51,"column":13}}],"line":45},"13":{"loc":{"start":{"line":47,"column":19},"end":{"line":51,"column":13}},"type":"if","locations":[{"start":{"line":47,"column":19},"end":{"line":51,"column":13}},{"start":{"line":49,"column":19},"end":{"line":51,"column":13}}],"line":47},"14":{"loc":{"start":{"line":49,"column":19},"end":{"line":51,"column":13}},"type":"if","locations":[{"start":{"line":49,"column":19},"end":{"line":51,"column":13}},{"start":{},"end":{}}],"line":49},"15":{"loc":{"start":{"line":67,"column":8},"end":{"line":71,"column":9}},"type":"if","locations":[{"start":{"line":67,"column":8},"end":{"line":71,"column":9}},{"start":{},"end":{}}],"line":67},"16":{"loc":{"start":{"line":67,"column":12},"end":{"line":67,"column":85}},"type":"binary-expr","locations":[{"start":{"line":67,"column":12},"end":{"line":67,"column":41}},{"start":{"line":67,"column":45},"end":{"line":67,"column":85}}],"line":67},"17":{"loc":{"start":{"line":75,"column":64},"end":{"line":75,"column":101}},"type":"binary-expr","locations":[{"start":{"line":75,"column":64},"end":{"line":75,"column":84}},{"start":{"line":75,"column":88},"end":{"line":75,"column":101}}],"line":75},"18":{"loc":{"start":{"line":93,"column":12},"end":{"line":95,"column":13}},"type":"if","locations":[{"start":{"line":93,"column":12},"end":{"line":95,"column":13}},{"start":{},"end":{}}],"line":93},"19":{"loc":{"start":{"line":98,"column":12},"end":{"line":103,"column":13}},"type":"if","locations":[{"start":{"line":98,"column":12},"end":{"line":103,"column":13}},{"start":{},"end":{}}],"line":98},"20":{"loc":{"start":{"line":127,"column":12},"end":{"line":199,"column":13}},"type":"if","locations":[{"start":{"line":127,"column":12},"end":{"line":199,"column":13}},{"start":{},"end":{}}],"line":127},"21":{"loc":{"start":{"line":142,"column":20},"end":{"line":144,"column":21}},"type":"if","locations":[{"start":{"line":142,"column":20},"end":{"line":144,"column":21}},{"start":{},"end":{}}],"line":142},"22":{"loc":{"start":{"line":147,"column":39},"end":{"line":147,"column":61}},"type":"binary-expr","locations":[{"start":{"line":147,"column":39},"end":{"line":147,"column":55}},{"start":{"line":147,"column":59},"end":{"line":147,"column":61}}],"line":147},"23":{"loc":{"start":{"line":151,"column":20},"end":{"line":155,"column":89}},"type":"if","locations":[{"start":{"line":151,"column":20},"end":{"line":155,"column":89}},{"start":{"line":152,"column":25},"end":{"line":155,"column":89}}],"line":151},"24":{"loc":{"start":{"line":152,"column":25},"end":{"line":155,"column":89}},"type":"if","locations":[{"start":{"line":152,"column":25},"end":{"line":155,"column":89}},{"start":{"line":153,"column":25},"end":{"line":155,"column":89}}],"line":152},"25":{"loc":{"start":{"line":153,"column":25},"end":{"line":155,"column":89}},"type":"if","locations":[{"start":{"line":153,"column":25},"end":{"line":155,"column":89}},{"start":{"line":154,"column":25},"end":{"line":155,"column":89}}],"line":153},"26":{"loc":{"start":{"line":154,"column":25},"end":{"line":155,"column":89}},"type":"if","locations":[{"start":{"line":154,"column":25},"end":{"line":155,"column":89}},{"start":{"line":155,"column":25},"end":{"line":155,"column":89}}],"line":154},"27":{"loc":{"start":{"line":155,"column":25},"end":{"line":155,"column":89}},"type":"if","locations":[{"start":{"line":155,"column":25},"end":{"line":155,"column":89}},{"start":{},"end":{}}],"line":155},"28":{"loc":{"start":{"line":158,"column":41},"end":{"line":158,"column":74}},"type":"binary-expr","locations":[{"start":{"line":158,"column":41},"end":{"line":158,"column":68}},{"start":{"line":158,"column":72},"end":{"line":158,"column":74}}],"line":158},"29":{"loc":{"start":{"line":159,"column":37},"end":{"line":159,"column":120}},"type":"cond-expr","locations":[{"start":{"line":159,"column":63},"end":{"line":159,"column":102}},{"start":{"line":159,"column":105},"end":{"line":159,"column":120}}],"line":159},"30":{"loc":{"start":{"line":160,"column":44},"end":{"line":162,"c
[...]
,"C:\\Users\\yosua\\Documents\\Hacktiv8\\Phase 2\\IndividualProject\\server\\middleware\\authentication.js": {"path":"C:\\Users\\yosua\\Documents\\Hacktiv8\\Phase 2\\IndividualProject\\server\\middleware\\authentication.js","statementMap":{"0":{"start":{"line":3,"column":17},"end":{"line":3,"column":37}},"1":{"start":{"line":4,"column":24},"end":{"line":4,"column":49}},"2":{"start":{"line":6,"column":0},"end":{"line":46,"column":1}},"3":{"start":{"line":7,"column":4},"end":{"line":45,"column":5}},"4":{"start":{"line":9,"column":27},"end":{"line":9,"column":52}},"5":{"start":{"line":12,"column":8},"end":{"line":14,"column":9}},"6":{"start":{"line":13,"column":12},"end":{"line":13,"column":74}},"7":{"start":{"line":17,"column":25},"end":{"line":17,"column":46}},"8":{"start":{"line":18,"column":26},"end":{"line":18,"column":37}},"9":{"start":{"line":19,"column":27},"end":{"line":19,"column":38}},"10":{"start":{"line":22,"column":8},"end":{"line":24,"column":9}},"11":{"start":{"line":23,"column":12},"end":{"line":23,"column":76}},"12":{"start":{"line":27,"column":24},"end":{"line":27,"column":47}},"13":{"start":{"line":30,"column":21},"end":{"line":30,"column":52}},"14":{"start":{"line":32,"column":8},"end":{"line":34,"column":9}},"15":{"start":{"line":33,"column":12},"end":{"line":33,"column":70}},"16":{"start":{"line":36,"column":8},"end":{"line":40,"column":10}},"17":{"start":{"line":41,"column":8},"end":{"line":41,"column":15}},"18":{"start":{"line":44,"column":8},"end":{"line":44,"column":27}}},"fnMap":{"0":{"name":"authentication","decl":{"start":{"line":6,"column":32},"end":{"line":6,"column":46}},"loc":{"start":{"line":6,"column":63},"end":{"line":46,"column":1}},"line":6}},"branchMap":{"0":{"loc":{"start":{"line":12,"column":8},"end":{"line":14,"column":9}},"type":"if","locations":[{"start":{"line":12,"column":8},"end":{"line":14,"column":9}},{"start":{},"end":{}}],"line":12},"1":{"loc":{"start":{"line":22,"column":8},"end":{"line":24,"column":9}},"type":"if","locations":[{"start":{"line":22,"column":8},"end":{"line":24,"column":9}},{"start":{},"end":{}}],"line":22},"2":{"loc":{"start":{"line":22,"column":12},"end":{"line":22,"column":49}},"type":"binary-expr","locations":[{"start":{"line":22,"column":12},"end":{"line":22,"column":34}},{"start":{"line":22,"column":38},"end":{"line":22,"column":49}}],"line":22},"3":{"loc":{"start":{"line":32,"column":8},"end":{"line":34,"column":9}},"type":"if","locations":[{"start":{"line":32,"column":8},"end":{"line":34,"column":9}},{"start":{},"end":{}}],"line":32}},"s":{"0":6,"1":6,"2":6,"3":35,"4":35,"5":35,"6":7,"7":28,"8":28,"9":28,"10":28,"11":1,"12":27,"13":26,"14":26,"15":0,"16":26,"17":26,"18":9},"f":{"0":35},"b":{"0":[7,28],"1":[1,27],"2":[28,27],"3":[0,26]},"_coverageSchema":"1a1c01bbd47fc00a2c39e90264f33305004495a9","hash":"7f7fc147d2fdb1a757858d84945c6dfcb807f9ff"}
,"C:\\Users\\yosua\\Documents\\Hacktiv8\\Phase 2\\IndividualProject\\server\\middleware\\errorHandler.js": {"path":"C:\\Users\\yosua\\Documents\\Hacktiv8\\Phase 2\\IndividualProject\\server\\middleware\\errorHandler.js","statementMap":{"0":{"start":{"line":3,"column":0},"end":{"line":37,"column":1}},"1":{"start":{"line":4,"column":4},"end":{"line":4,"column":42}},"2":{"start":{"line":5,"column":4},"end":{"line":5,"column":45}},"3":{"start":{"line":7,"column":4},"end":{"line":9,"column":5}},"4":{"start":{"line":8,"column":8},"end":{"line":8,"column":72}},"5":{"start":{"line":11,"column":4},"end":{"line":13,"column":5}},"6":{"start":{"line":12,"column":8},"end":{"line":12,"column":66}},"7":{"start":{"line":15,"column":4},"end":{"line":17,"column":5}},"8":{"start":{"line":16,"column":8},"end":{"line":16,"column":62}},"9":{"start":{"line":19,"column":4},"end":{"line":21,"column":5}},"10":{"start":{"line":20,"column":8},"end":{"line":20,"column":62}},"11":{"start":{"line":23,"column":4},"end":{"line":25,"column":5}},"12":{"start":{"line":24,"column":8},"end":{"line":24,"column":62}},"13":{"start":{"line":27,"column":4},"end":{"line":29,"column":5}},"14":{"start":{"line":28,"column":8},"end":{"line":28,"column":62}},"15":{"start":{"line":31,"column":4},"end":{"line":33,"column":5}},"16":{"start":{"line":32,"column":8},"end":{"line":32,"column":62}},"17":{"start":{"line":36,"column":4},"end":{"line":36,"column":63}}},"fnMap":{"0":{"name":"errorHandler","decl":{"start":{"line":3,"column":26},"end":{"line":3,"column":38}},"loc":{"start":{"line":3,"column":60},"end":{"line":37,"column":1}},"line":3}},"branchMap":{"0":{"loc":{"start":{"line":7,"column":4},"end":{"line":9,"column":5}},"type":"if","locations":[{"start":{"line":7,"column":4},"end":{"line":9,"column":5}},{"start":{},"end":{}}],"line":7},"1":{"loc":{"start":{"line":7,"column":8},"end":{"line":7,"column":96}},"type":"binary-expr","locations":[{"start":{"line":7,"column":8},"end":{"line":7,"column":47}},{"start":{"line":7,"column":51},"end":{"line":7,"column":96}}],"line":7},"2":{"loc":{"start":{"line":11,"column":4},"end":{"line":13,"column":5}},"type":"if","locations":[{"start":{"line":11,"column":4},"end":{"line":13,"column":5}},{"start":{},"end":{}}],"line":11},"3":{"loc":{"start":{"line":11,"column":8},"end":{"line":11,"column":76}},"type":"binary-expr","locations":[{"start":{"line":11,"column":8},"end":{"line":11,"column":40}},{"start":{"line":11,"column":44},"end":{"line":11,"column":76}}],"line":11},"4":{"loc":{"start":{"line":15,"column":4},"end":{"line":17,"column":5}},"type":"if","locations":[{"start":{"line":15,"column":4},"end":{"line":17,"column":5}},{"start":{},"end":{}}],"line":15},"5":{"loc":{"start":{"line":19,"column":4},"end":{"line":21,"column":5}},"type":"if","locations":[{"start":{"line":19,"column":4},"end":{"line":21,"column":5}},{"start":{},"end":{}}],"line":19},"6":{"loc":{"start":{"line":23,"column":4},"end":{"line":25,"column":5}},"type":"if","locations":[{"start":{"line":23,"column":4},"end":{"line":25,"column":5}},{"start":{},"end":{}}],"line":23},"7":{"loc":{"start":{"line":27,"column":4},"end":{"line":29,"column":5}},"type":"if","locations":[{"start":{"line":27,"column":4},"end":{"line":29,"column":5}},{"start":{},"end":{}}],"line":27},"8":{"loc":{"start":{"line":31,"column":4},"end":{"line":33,"column":5}},"type":"if","locations":[{"start":{"line":31,"column":4},"end":{"line":33,"column":5}},{"start":{},"end":{}}],"line":31}},"s":{"0":6,"1":58,"2":58,"3":58,"4":4,"5":54,"6":2,"7":52,"8":10,"9":42,"10":7,"11":35,"12":3,"13":32,"14":21,"15":11,"16":6,"17":5},"f":{"0":58},"b":{"0":[4,54],"1":[58,55],"2":[2,52],"3":[54,53],"4":[10,42],"5":[7,35],"6":[3,32],"7":[21,11],"8":[6,5]},"_coverageSchema":"1a1c01bbd47fc00a2c39e90264f33305004495a9","hash":"9fd868f0f5e193fa4056a2e41927e516df6b190d"}
,"C:\\Users\\yosua\\Documents\\Hacktiv8\\Phase 2\\IndividualProject\\server\\models\\index.js": {"path":"C:\\Users\\yosua\\Documents\\Hacktiv8\\Phase 2\\IndividualProject\\server\\models\\index.js","statementMap":{"0":{"start":{"line":3,"column":11},"end":{"line":3,"column":24}},"1":{"start":{"line":4,"column":13},"end":{"line":4,"column":28}},"2":{"start":{"line":5,"column":18},"end":{"line":5,"column":38}},"3":{"start":{"line":6,"column":16},"end":{"line":6,"column":34}},"4":{"start":{"line":7,"column":17},"end":{"line":7,"column":42}},"5":{"start":{"line":8,"column":12},"end":{"line":8,"column":49}},"6":{"start":{"line":9,"column":15},"end":{"line":9,"column":65}},"7":{"start":{"line":10,"column":11},"end":{"line":10,"column":13}},"8":{"start":{"line":13,"column":0},"end":{"line":17,"column":1}},"9":{"start":{"line":14,"column":2},"end":{"line":14,"column":74}},"10":{"start":{"line":16,"column":2},"end":{"line":16,"column":87}},"11":{"start":{"line":19,"column":0},"end":{"line":32,"column":5}},"12":{"start":{"line":22,"column":4},"end":{"line":27,"column":6}},"13":{"start":{"line":30,"column":18},"end":{"line":30,"column":85}},"14":{"start":{"line":31,"column":4},"end":{"line":31,"column":27}},"15":{"start":{"line":34,"column":0},"end":{"line":38,"column":3}},"16":{"start":{"line":35,"column":2},"end":{"line":37,"column":3}},"17":{"start":{"line":36,"column":4},"end":{"line":36,"column":32}},"18":{"start":{"line":40,"column":0},"end":{"line":40,"column":25}},"19":{"start":{"line":41,"column":0},"end":{"line":41,"column":25}},"20":{"start":{"line":43,"column":0},"end":{"line":43,"column":20}}},"fnMap":{"0":{"name":"(anonymous_0)","decl":{"start":{"line":21,"column":10},"end":{"line":21,"column":11}},"loc":{"start":{"line":21,"column":18},"end":{"line":28,"column":3}},"line":21},"1":{"name":"(anonymous_1)","decl":{"start":{"line":29,"column":11},"end":{"line":29,"column":12}},"loc":{"start":{"line":29,"column":19},"end":{"line":32,"column":3}},"line":29},"2":{"name":"(anonymous_2)","decl":{"start":{"line":34,"column":24},"end":{"line":34,"column":25}},"loc":{"start":{"line":34,"column":37},"end":{"line":38,"column":1}},"line":34}},"branchMap":{"0":{"loc":{"start":{"line":8,"column":12},"end":{"line":8,"column":49}},"type":"binary-expr","locations":[{"start":{"line":8,"column":12},"end":{"line":8,"column":32}},{"start":{"line":8,"column":36},"end":{"line":8,"column":49}}],"line":8},"1":{"loc":{"start":{"line":13,"column":0},"end":{"line":17,"column":1}},"type":"if","locations":[{"start":{"line":13,"column":0},"end":{"line":17,"column":1}},{"start":{"line":15,"column":7},"end":{"line":17,"column":1}}],"line":13},"2":{"loc":{"start":{"line":23,"column":6},"end":{"line":26,"column":37}},"type":"binary-expr","locations":[{"start":{"line":23,"column":6},"end":{"line":23,"column":29}},{"start":{"line":24,"column":6},"end":{"line":24,"column":23}},{"start":{"line":25,"column":6},"end":{"line":25,"column":30}},{"start":{"line":26,"column":6},"end":{"line":26,"column":37}}],"line":23},"3":{"loc":{"start":{"line":35,"column":2},"end":{"line":37,"column":3}},"type":"if","locations":[{"start":{"line":35,"column":2},"end":{"line":37,"column":3}},{"start":{},"end":{}}],"line":35}},"s":{"0":6,"1":6,"2":6,"3":6,"4":6,"5":6,"6":6,"7":6,"8":6,"9":0,"10":6,"11":6,"12":24,"13":18,"14":18,"15":6,"16":18,"17":18,"18":6,"19":6,"20":6},"f":{"0":24,"1":18,"2":18},"b":{"0":[6,0],"1":[0,6],"2":[24,24,18,18],"3":[18,0]},"_coverageSchema":"1a1c01bbd47fc00a2c39e90264f33305004495a9","hash":"0760e5db835b3956f07e466966d16f9abb7b899b"}
,"C:\\Users\\yosua\\Documents\\Hacktiv8\\Phase 2\\IndividualProject\\server\\models\\place.js": {"path":"C:\\Users\\yosua\\Documents\\Hacktiv8\\Phase 2\\IndividualProject\\server\\models\\place.js","statementMap":{"0":{"start":{"line":4,"column":4},"end":{"line":4,"column":24}},"1":{"start":{"line":5,"column":0},"end":{"line":92,"column":2}},"2":{"start":{"line":15,"column":6},"end":{"line":19,"column":9}},"3":{"start":{"line":22,"column":2},"end":{"line":90,"column":5}},"4":{"start":{"line":91,"column":2},"end":{"line":91,"column":15}}},"fnMap":{"0":{"name":"(anonymous_0)","decl":{"start":{"line":5,"column":17},"end":{"line":5,"column":18}},"loc":{"start":{"line":5,"column":43},"end":{"line":92,"column":1}},"line":5},"1":{"name":"(anonymous_1)","decl":{"start":{"line":12,"column":4},"end":{"line":12,"column":5}},"loc":{"start":{"line":12,"column":29},"end":{"line":20,"column":5}},"line":12}},"branchMap":{},"s":{"0":6,"1":6,"2":6,"3":6,"4":6},"f":{"0":6,"1":6},"b":{},"_coverageSchema":"1a1c01bbd47fc00a2c39e90264f33305004495a9","hash":"5ee8301c92ea941aa30928554b74f2786c71e7d5"}
,"C:\\Users\\yosua\\Documents\\Hacktiv8\\Phase 2\\IndividualProject\\server\\models\\user.js": {"path":"C:\\Users\\yosua\\Documents\\Hacktiv8\\Phase 2\\IndividualProject\\server\\models\\user.js","statementMap":{"0":{"start":{"line":4,"column":4},"end":{"line":4,"column":24}},"1":{"start":{"line":5,"column":15},"end":{"line":5,"column":32}},"2":{"start":{"line":6,"column":0},"end":{"line":54,"column":2}},"3":{"start":{"line":16,"column":6},"end":{"line":20,"column":9}},"4":{"start":{"line":23,"column":2},"end":{"line":52,"column":5}},"5":{"start":{"line":47,"column":8},"end":{"line":49,"column":9}},"6":{"start":{"line":48,"column":10},"end":{"line":48,"column":63}},"7":{"start":{"line":53,"column":2},"end":{"line":53,"column":14}}},"fnMap":{"0":{"name":"(anonymous_0)","decl":{"start":{"line":6,"column":17},"end":{"line":6,"column":18}},"loc":{"start":{"line":6,"column":43},"end":{"line":54,"column":1}},"line":6},"1":{"name":"(anonymous_1)","decl":{"start":{"line":13,"column":4},"end":{"line":13,"column":5}},"loc":{"start":{"line":13,"column":29},"end":{"line":21,"column":5}},"line":13},"2":{"name":"(anonymous_2)","decl":{"start":{"line":45,"column":20},"end":{"line":45,"column":21}},"loc":{"start":{"line":45,"column":36},"end":{"line":50,"column":7}},"line":45}},"branchMap":{"0":{"loc":{"start":{"line":47,"column":8},"end":{"line":49,"column":9}},"type":"if","locations":[{"start":{"line":47,"column":8},"end":{"line":49,"column":9}},{"start":{},"end":{}}],"line":47}},"s":{"0":6,"1":6,"2":6,"3":6,"4":6,"5":65,"6":65,"7":6},"f":{"0":6,"1":6,"2":65},"b":{"0":[65,0]},"_coverageSchema":"1a1c01bbd47fc00a2c39e90264f33305004495a9","hash":"6e7c25ec6796c9cba8042e3a76f1cd57e4cd6a40"}
,"C:\\Users\\yosua\\Documents\\Hacktiv8\\Phase 2\\IndividualProject\\server\\models\\userdestination.js": {"path":"C:\\Users\\yosua\\Documents\\Hacktiv8\\Phase 2\\IndividualProject\\server\\models\\userdestination.js","statementMap":{"0":{"start":{"line":4,"column":4},"end":{"line":4,"column":24}},"1":{"start":{"line":5,"column":0},"end":{"line":73,"column":2}},"2":{"start":{"line":14,"column":6},"end":{"line":17,"column":9}},"3":{"start":{"line":20,"column":6},"end":{"line":23,"column":9}},"4":{"start":{"line":26,"column":2},"end":{"line":71,"column":5}},"5":{"start":{"line":72,"column":2},"end":{"line":72,"column":25}}},"fnMap":{"0":{"name":"(anonymous_0)","decl":{"start":{"line":5,"column":17},"end":{"line":5,"column":18}},"loc":{"start":{"line":5,"column":43},"end":{"line":73,"column":1}},"line":5},"1":{"name":"(anonymous_1)","decl":{"start":{"line":12,"column":4},"end":{"line":12,"column":5}},"loc":{"start":{"line":12,"column":29},"end":{"line":24,"column":5}},"line":12}},"branchMap":{},"s":{"0":6,"1":6,"2":6,"3":6,"4":6,"5":6},"f":{"0":6,"1":6},"b":{},"_coverageSchema":"1a1c01bbd47fc00a2c39e90264f33305004495a9","hash":"c9de3aefcccc7cfce2f6587bd119125358292ed5"}
,"C:\\Users\\yosua\\Documents\\Hacktiv8\\Phase 2\\IndividualProject\\server\\routes\\authRoutes.js": {"path":"C:\\Users\\yosua\\Documents\\Hacktiv8\\Phase 2\\IndividualProject\\server\\routes\\authRoutes.js","statementMap":{"0":{"start":{"line":1,"column":16},"end":{"line":1,"column":34}},"1":{"start":{"line":2,"column":15},"end":{"line":2,"column":31}},"2":{"start":{"line":3,"column":23},"end":{"line":3,"column":63}},"3":{"start":{"line":5,"column":0},"end":{"line":5,"column":50}},"4":{"start":{"line":6,"column":0},"end":{"line":6,"column":44}},"5":{"start":{"line":7,"column":0},"end":{"line":7,"column":63}},"6":{"start":{"line":8,"column":0},"end":{"line":8,"column":57}},"7":{"start":{"line":9,"column":0},"end":{"line":9,"column":60}},"8":{"start":{"line":11,"column":0},"end":{"line":11,"column":24}}},"fnMap":{},"branchMap":{},"s":{"0":5,"1":5,"2":5,"3":5,"4":5,"5":5,"6":5,"7":5,"8":5},"f":{},"b":{},"_coverageSchema":"1a1c01bbd47fc00a2c39e90264f33305004495a9","hash":"bfdf7f09ffcd8c4a75c98bc080ec1ee7a028f7d2"}
,"C:\\Users\\yosua\\Documents\\Hacktiv8\\Phase 2\\IndividualProject\\server\\routes\\geminiRoutes.js": {"path":"C:\\Users\\yosua\\Documents\\Hacktiv8\\Phase 2\\IndividualProject\\server\\routes\\geminiRoutes.js","statementMap":{"0":{"start":{"line":4,"column":16},"end":{"line":4,"column":34}},"1":{"start":{"line":5,"column":15},"end":{"line":5,"column":31}},"2":{"start":{"line":8,"column":25},"end":{"line":8,"column":67}},"3":{"start":{"line":11,"column":23},"end":{"line":11,"column":62}},"4":{"start":{"line":17,"column":0},"end":{"line":17,"column":85}},"5":{"start":{"line":23,"column":0},"end":{"line":23,"column":63}},"6":{"start":{"line":28,"column":0},"end":{"line":28,"column":97}},"7":{"start":{"line":34,"column":0},"end":{"line":34,"column":80}},"8":{"start":{"line":37,"column":0},"end":{"line":37,"column":24}}},"fnMap":{},"branchMap":{},"s":{"0":5,"1":5,"2":5,"3":5,"4":5,"5":5,"6":5,"7":5,"8":5},"f":{},"b":{},"_coverageSchema":"1a1c01bbd47fc00a2c39e90264f33305004495a9","hash":"51e83bd26dd2c252171282f1f40244e08c4d2337"}
,"C:\\Users\\yosua\\Documents\\Hacktiv8\\Phase 2\\IndividualProject\\server\\routes\\geoapifyRoutes.js": {"path":"C:\\Users\\yosua\\Documents\\Hacktiv8\\Phase 2\\IndividualProject\\server\\routes\\geoapifyRoutes.js","statementMap":{"0":{"start":{"line":4,"column":16},"end":{"line":4,"column":34}},"1":{"start":{"line":5,"column":15},"end":{"line":5,"column":31}},"2":{"start":{"line":8,"column":27},"end":{"line":8,"column":71}},"3":{"start":{"line":21,"column":0},"end":{"line":21,"column":55}},"4":{"start":{"line":25,"column":0},"end":{"line":25,"column":68}},"5":{"start":{"line":34,"column":0},"end":{"line":34,"column":63}},"6":{"start":{"line":41,"column":0},"end":{"line":41,"column":58}},"7":{"start":{"line":48,"column":0},"end":{"line":48,"column":61}},"8":{"start":{"line":51,"column":0},"end":{"line":51,"column":24}}},"fnMap":{},"branchMap":{},"s":{"0":5,"1":5,"2":5,"3":5,"4":5,"5":5,"6":5,"7":5,"8":5},"f":{},"b":{},"_coverageSchema":"1a1c01bbd47fc00a2c39e90264f33305004495a9","hash":"3a862a4b2fd831306060875e6c6899e47e15da33"}
,"C:\\Users\\yosua\\Documents\\Hacktiv8\\Phase 2\\IndividualProject\\server\\routes\\placeRoutes.js": {"path":"C:\\Users\\yosua\\Documents\\Hacktiv8\\Phase 2\\IndividualProject\\server\\routes\\placeRoutes.js","statementMap":{"0":{"start":{"line":4,"column":16},"end":{"line":4,"column":34}},"1":{"start":{"line":5,"column":15},"end":{"line":5,"column":31}},"2":{"start":{"line":8,"column":24},"end":{"line":8,"column":65}},"3":{"start":{"line":14,"column":0},"end":{"line":14,"column":46}},"4":{"start":{"line":19,"column":0},"end":{"line":19,"column":59}},"5":{"start":{"line":22,"column":0},"end":{"line":22,"column":49}},"6":{"start":{"line":25,"column":0},"end":{"line":25,"column":24}}},"fnMap":{},"branchMap":{},"s":{"0":5,"1":5,"2":5,"3":5,"4":5,"5":5,"6":5},"f":{},"b":{},"_coverageSchema":"1a1c01bbd47fc00a2c39e90264f33305004495a9","hash":"957ba2d94bb2898527236b40dbd09a220c2c8783"}
,"C:\\Users\\yosua\\Documents\\Hacktiv8\\Phase 2\\IndividualProject\\server\\routes\\userDestinationRoutes.js": {"path":"C:\\Users\\yosua\\Documents\\Hacktiv8\\Phase 2\\IndividualProject\\server\\routes\\userDestinationRoutes.js","statementMap":{"0":{"start":{"line":4,"column":16},"end":{"line":4,"column":34}},"1":{"start":{"line":5,"column":15},"end":{"line":5,"column":31}},"2":{"start":{"line":8,"column":34},"end":{"line":8,"column":85}},"3":{"start":{"line":11,"column":23},"end":{"line":11,"column":62}},"4":{"start":{"line":17,"column":0},"end":{"line":17,"column":75}},"5":{"start":{"line":21,"column":0},"end":{"line":21,"column":74}},"6":{"start":{"line":25,"column":0},"end":{"line":25,"column":81}},"7":{"start":{"line":28,"column":0},"end":{"line":28,"column":84}},"8":{"start":{"line":31,"column":0},"end":{"line":31,"column":24}}},"fnMap":{},"branchMap":{},"s":{"0":5,"1":5,"2":5,"3":5,"4":5,"5":5,"6":5,"7":5,"8":5},"f":{},"b":{},"_coverageSchema":"1a1c01bbd47fc00a2c39e90264f33305004495a9","hash":"c764384267c484f8ae26522c17e200c17e0b67f2"}
}
