TN:
SF:app.js
FN:26,(anonymous_0)
FN:71,(anonymous_1)
FNF:2
FNH:0
FNDA:0,(anonymous_0)
FNDA:0,(anonymous_1)
DA:7,5
DA:8,5
DA:10,5
DA:13,5
DA:14,5
DA:15,5
DA:16,5
DA:17,5
DA:20,5
DA:23,5
DA:26,5
DA:27,0
DA:48,5
DA:52,5
DA:53,5
DA:56,5
DA:57,5
DA:58,5
DA:59,5
DA:60,5
DA:63,5
DA:66,5
DA:69,5
DA:70,0
DA:71,0
DA:72,0
LF:26
LH:22
BRDA:49,0,0,5
BRDA:49,0,1,0
BRDA:69,1,0,0
BRDA:69,1,1,5
BRDA:70,2,0,0
BRDA:70,2,1,0
BRF:6
BRH:2
end_of_record
TN:
SF:controllers\authController.js
FN:14,(anonymous_0)
FN:51,(anonymous_1)
FN:95,(anonymous_2)
FN:140,(anonymous_3)
FN:179,(anonymous_4)
FNF:5
FNH:3
FNDA:6,(anonymous_0)
FNDA:5,(anonymous_1)
FNDA:0,(anonymous_2)
FNDA:4,(anonymous_3)
FNDA:0,(anonymous_4)
DA:4,5
DA:5,5
DA:6,5
DA:7,5
DA:8,5
DA:10,5
DA:15,6
DA:16,6
DA:19,6
DA:20,2
DA:24,4
DA:27,1
DA:32,1
DA:41,5
DA:42,1
DA:44,4
DA:52,5
DA:54,5
DA:55,5
DA:57,2
DA:60,3
DA:64,3
DA:66,1
DA:69,2
DA:70,2
DA:72,1
DA:76,1
DA:80,1
DA:88,4
DA:96,0
DA:97,0
DA:100,0
DA:104,0
DA:105,0
DA:108,0
DA:109,0
DA:110,0
DA:114,0
DA:120,0
DA:124,0
DA:133,0
DA:141,4
DA:142,4
DA:145,4
DA:149,3
DA:150,2
DA:153,2
DA:155,2
DA:156,1
DA:160,1
DA:164,1
DA:172,3
DA:180,0
DA:181,0
DA:182,0
DA:186,0
DA:187,0
DA:189,0
DA:197,0
DA:201,0
DA:210,0
LF:61
LH:40
BRDA:19,0,0,2
BRDA:19,0,1,4
BRDA:19,1,0,6
BRDA:19,1,1,5
BRDA:41,2,0,1
BRDA:41,2,1,4
BRDA:55,3,0,2
BRDA:55,3,1,3
BRDA:55,4,0,5
BRDA:55,4,1,4
BRDA:64,5,0,1
BRDA:64,5,1,2
BRDA:70,6,0,1
BRDA:70,6,1,1
BRDA:109,7,0,0
BRDA:109,7,1,0
BRDA:155,8,0,1
BRDA:155,8,1,1
BRF:18
BRH:16
end_of_record
TN:
SF:controllers\geminiController.js
FN:12,(anonymous_0)
FN:37,(anonymous_1)
FN:55,(anonymous_2)
FN:56,(anonymous_3)
FN:56,(anonymous_4)
FN:56,(anonymous_5)
FN:147,(anonymous_6)
FN:171,(anonymous_7)
FN:200,(anonymous_8)
FN:204,(anonymous_9)
FN:211,(anonymous_10)
FN:260,(anonymous_11)
FN:270,(anonymous_12)
FN:321,(anonymous_13)
FN:348,(anonymous_14)
FN:349,(anonymous_15)
FN:354,(anonymous_16)
FN:356,(anonymous_17)
FN:358,(anonymous_18)
FN:370,(anonymous_19)
FN:374,(anonymous_20)
FN:429,(anonymous_21)
FNF:22
FNH:18
FNDA:3,(anonymous_0)
FNDA:3,(anonymous_1)
FNDA:3,(anonymous_2)
FNDA:2,(anonymous_3)
FNDA:2,(anonymous_4)
FNDA:2,(anonymous_5)
FNDA:4,(anonymous_6)
FNDA:8,(anonymous_7)
FNDA:0,(anonymous_8)
FNDA:1,(anonymous_9)
FNDA:0,(anonymous_10)
FNDA:0,(anonymous_11)
FNDA:3,(anonymous_12)
FNDA:2,(anonymous_13)
FNDA:2,(anonymous_14)
FNDA:2,(anonymous_15)
FNDA:0,(anonymous_16)
FNDA:2,(anonymous_17)
FNDA:2,(anonymous_18)
FNDA:2,(anonymous_19)
FNDA:2,(anonymous_20)
FNDA:3,(anonymous_21)
DA:4,5
DA:5,5
DA:7,5
DA:13,3
DA:15,3
DA:16,3
DA:17,3
DA:20,3
DA:21,1
DA:25,2
DA:37,3
DA:45,2
DA:55,3
DA:56,2
DA:117,2
DA:118,2
DA:119,2
DA:120,2
DA:123,2
DA:124,2
DA:127,1
DA:133,2
DA:134,1
DA:139,1
DA:148,4
DA:149,4
DA:152,4
DA:153,4
DA:154,4
DA:155,4
DA:158,4
DA:159,1
DA:162,3
DA:165,3
DA:166,3
DA:168,3
DA:169,3
DA:171,8
DA:186,3
DA:199,3
DA:200,0
DA:203,3
DA:205,1
DA:210,3
DA:211,0
DA:215,3
DA:240,3
DA:241,3
DA:242,3
DA:245,3
DA:246,3
DA:247,3
DA:248,2
DA:249,2
DA:250,2
DA:251,2
DA:253,1
DA:254,1
DA:257,1
DA:259,0
DA:260,0
DA:261,0
DA:262,0
DA:263,0
DA:265,0
DA:268,1
DA:269,1
DA:270,3
DA:272,1
DA:273,1
DA:274,1
DA:275,1
DA:276,1
DA:277,1
DA:278,1
DA:279,1
DA:280,1
DA:281,1
DA:282,1
DA:283,1
DA:284,1
DA:286,0
DA:287,0
DA:288,0
DA:289,0
DA:290,0
DA:291,0
DA:297,3
DA:303,1
DA:304,1
DA:307,1
DA:308,0
DA:314,1
DA:322,2
DA:324,2
DA:325,2
DA:328,2
DA:340,2
DA:341,0
DA:348,2
DA:349,2
DA:350,2
DA:351,2
DA:353,2
DA:354,0
DA:356,2
DA:358,2
DA:366,2
DA:370,2
DA:374,2
DA:403,2
DA:404,2
DA:405,2
DA:406,2
DA:409,2
DA:410,2
DA:413,1
DA:415,1
DA:416,1
DA:421,0
DA:430,3
DA:432,3
DA:433,3
DA:435,3
DA:436,1
DA:439,2
DA:457,2
DA:458,2
DA:459,1
DA:460,1
DA:462,1
DA:469,2
LF:132
LH:114
BRDA:17,0,0,0
BRDA:17,1,0,2
BRDA:20,2,0,1
BRDA:20,2,1,2
BRDA:50,3,0,2
BRDA:50,3,1,2
BRDA:51,4,0,1
BRDA:51,4,1,1
BRDA:53,5,0,2
BRDA:53,5,1,0
BRDA:56,6,0,1
BRDA:56,6,1,1
BRDA:133,7,0,1
BRDA:133,7,1,1
BRDA:155,8,0,4
BRDA:158,9,0,1
BRDA:158,9,1,3
BRDA:165,10,0,3
BRDA:165,10,1,0
BRDA:168,11,0,3
BRDA:168,11,1,0
BRDA:199,12,0,0
BRDA:199,12,1,3
BRDA:203,13,0,1
BRDA:203,13,1,2
BRDA:210,14,0,0
BRDA:210,14,1,3
BRDA:254,15,0,1
BRDA:254,15,1,1
BRDA:257,16,0,0
BRDA:257,16,1,1
BRDA:270,17,0,3
BRDA:270,17,1,2
BRDA:272,18,0,1
BRDA:272,18,1,0
BRDA:299,19,0,1
BRDA:299,19,1,2
BRDA:307,20,0,0
BRDA:307,20,1,1
BRDA:307,21,0,1
BRDA:307,21,1,1
BRDA:340,22,0,0
BRDA:340,22,1,2
BRDA:350,23,0,2
BRDA:350,23,1,2
BRDA:374,24,0,2
BRDA:374,24,1,0
BRDA:415,25,0,1
BRDA:415,25,1,0
BRDA:435,26,0,1
BRDA:435,26,1,2
BRDA:435,27,0,3
BRDA:435,27,1,2
BRDA:444,28,0,2
BRDA:444,28,1,1
BRF:55
BRH:43
end_of_record
TN:
SF:controllers\geoapifyController.js
FN:12,getImageForPlace
FN:66,(anonymous_1)
FN:99,(anonymous_2)
FN:138,(anonymous_3)
FN:199,(anonymous_4)
FN:234,(anonymous_5)
FN:243,(anonymous_6)
FN:281,(anonymous_7)
FN:306,(anonymous_8)
FN:324,(anonymous_9)
FN:357,(anonymous_10)
FN:376,(anonymous_11)
FNF:12
FNH:11
FNDA:1,getImageForPlace
FNDA:4,(anonymous_1)
FNDA:2,(anonymous_2)
FNDA:3,(anonymous_3)
FNDA:5,(anonymous_4)
FNDA:1,(anonymous_5)
FNDA:1,(anonymous_6)
FNDA:0,(anonymous_7)
FNDA:3,(anonymous_8)
FNDA:1,(anonymous_9)
FNDA:4,(anonymous_10)
FNDA:2,(anonymous_11)
DA:5,5
DA:8,5
DA:9,5
DA:16,1
DA:17,1
DA:20,1
DA:21,0
DA:22,1
DA:23,0
DA:24,1
DA:25,0
DA:26,1
DA:27,0
DA:28,1
DA:29,0
DA:30,1
DA:31,0
DA:32,1
DA:33,0
DA:34,1
DA:35,0
DA:36,1
DA:37,0
DA:38,1
DA:39,0
DA:42,1
DA:43,0
DA:44,1
DA:45,0
DA:46,1
DA:47,0
DA:48,1
DA:49,0
DA:50,1
DA:51,0
DA:53,1
DA:58,1
DA:61,5
DA:67,4
DA:68,4
DA:71,4
DA:72,1
DA:76,3
DA:83,3
DA:84,1
DA:85,1
DA:89,3
DA:90,3
DA:94,3
DA:99,2
DA:114,2
DA:125,2
DA:126,1
DA:131,1
DA:139,3
DA:140,3
DA:143,3
DA:144,0
DA:149,3
DA:157,2
DA:159,2
DA:160,1
DA:163,1
DA:183,1
DA:185,2
DA:186,1
DA:191,1
DA:200,5
DA:201,5
DA:204,5
DA:205,2
DA:209,3
DA:210,3
DA:211,2
DA:212,1
DA:213,1
DA:214,0
DA:215,0
DA:216,0
DA:217,0
DA:221,3
DA:232,3
DA:233,3
DA:235,1
DA:236,1
DA:237,0
DA:239,1
DA:240,1
DA:244,1
DA:245,1
DA:248,1
DA:249,1
DA:250,1
DA:251,1
DA:252,1
DA:253,1
DA:254,1
DA:257,1
DA:258,1
DA:259,1
DA:264,1
DA:266,1
DA:281,3
DA:283,3
DA:291,2
DA:292,0
DA:297,2
DA:307,3
DA:308,3
DA:310,3
DA:311,1
DA:315,2
DA:324,1
DA:336,1
DA:342,2
DA:343,1
DA:348,1
DA:358,4
DA:359,4
DA:361,4
DA:362,2
DA:366,2
DA:376,2
DA:387,2
DA:392,2
DA:393,0
DA:398,2
LF:127
LH:104
BRDA:20,0,0,0
BRDA:20,0,1,1
BRDA:22,1,0,0
BRDA:22,1,1,1
BRDA:24,2,0,0
BRDA:24,2,1,1
BRDA:24,3,0,1
BRDA:24,3,1,1
BRDA:24,3,2,1
BRDA:26,4,0,0
BRDA:26,4,1,1
BRDA:28,5,0,0
BRDA:28,5,1,1
BRDA:30,6,0,0
BRDA:30,6,1,1
BRDA:32,7,0,0
BRDA:32,7,1,1
BRDA:34,8,0,0
BRDA:34,8,1,1
BRDA:36,9,0,0
BRDA:36,9,1,1
BRDA:38,10,0,0
BRDA:38,10,1,1
BRDA:42,11,0,0
BRDA:42,11,1,1
BRDA:42,12,0,1
BRDA:42,12,1,1
BRDA:44,13,0,0
BRDA:44,13,1,1
BRDA:44,14,0,1
BRDA:44,14,1,1
BRDA:46,15,0,0
BRDA:46,15,1,1
BRDA:48,16,0,0
BRDA:48,16,1,1
BRDA:48,17,0,1
BRDA:48,17,1,1
BRDA:50,18,0,0
BRDA:50,18,1,1
BRDA:50,19,0,1
BRDA:50,19,1,1
BRDA:68,20,0,3
BRDA:68,21,0,4
BRDA:71,22,0,1
BRDA:71,22,1,3
BRDA:71,23,0,4
BRDA:71,23,1,1
BRDA:71,23,2,1
BRDA:83,24,0,1
BRDA:83,24,1,2
BRDA:83,25,0,3
BRDA:83,25,1,1
BRDA:89,26,0,3
BRDA:89,26,1,0
BRDA:101,27,0,2
BRDA:101,27,1,0
BRDA:118,28,0,1
BRDA:118,28,1,1
BRDA:118,29,0,2
BRDA:118,29,1,1
BRDA:125,30,0,1
BRDA:125,30,1,1
BRDA:128,31,0,1
BRDA:128,31,1,0
BRDA:143,32,0,0
BRDA:143,32,1,3
BRDA:159,33,0,1
BRDA:159,33,1,1
BRDA:165,34,0,1
BRDA:165,34,1,0
BRDA:185,35,0,1
BRDA:185,35,1,1
BRDA:188,36,0,1
BRDA:188,36,1,0
BRDA:201,37,0,2
BRDA:201,38,0,4
BRDA:204,39,0,2
BRDA:204,39,1,3
BRDA:204,40,0,5
BRDA:204,40,1,4
BRDA:210,41,0,2
BRDA:210,41,1,1
BRDA:212,42,0,1
BRDA:212,42,1,0
BRDA:214,43,0,0
BRDA:214,43,1,0
BRDA:216,44,0,0
BRDA:216,44,1,0
BRDA:236,45,0,0
BRDA:236,45,1,1
BRDA:236,46,0,1
BRDA:236,46,1,1
BRDA:245,47,0,1
BRDA:245,47,1,0
BRDA:249,48,0,0
BRDA:249,48,1,1
BRDA:250,49,0,0
BRDA:250,49,1,1
BRDA:251,50,0,0
BRDA:251,50,1,1
BRDA:252,51,0,0
BRDA:252,51,1,1
BRDA:253,52,0,0
BRDA:253,52,1,1
BRDA:254,53,0,0
BRDA:254,53,1,1
BRDA:257,54,0,1
BRDA:257,54,1,0
BRDA:258,55,0,0
BRDA:258,55,1,1
BRDA:259,56,0,1
BRDA:259,56,1,0
BRDA:264,57,0,1
BRDA:264,57,1,0
BRDA:268,58,0,1
BRDA:268,58,1,0
BRDA:291,59,0,0
BRDA:291,59,1,2
BRDA:294,60,0,0
BRDA:294,60,1,0
BRDA:310,61,0,1
BRDA:310,61,1,2
BRDA:342,62,0,1
BRDA:342,62,1,1
BRDA:345,63,0,1
BRDA:345,63,1,0
BRDA:361,64,0,2
BRDA:361,64,1,2
BRDA:361,65,0,4
BRDA:361,65,1,3
BRDA:392,66,0,0
BRDA:392,66,1,2
BRDA:395,67,0,0
BRDA:395,67,1,0
BRF:134
BRH:88
end_of_record
TN:
SF:controllers\placeController.js
FN:11,fetchPlaceImage
FN:85,(anonymous_1)
FN:122,(anonymous_2)
FN:221,(anonymous_3)
FNF:4
FNH:3
FNDA:0,fetchPlaceImage
FNDA:6,(anonymous_1)
FNDA:3,(anonymous_2)
FNDA:8,(anonymous_3)
DA:6,5
DA:7,5
DA:8,5
DA:12,0
DA:14,0
DA:15,0
DA:18,0
DA:19,0
DA:20,0
DA:21,0
DA:22,0
DA:23,0
DA:24,0
DA:25,0
DA:26,0
DA:27,0
DA:28,0
DA:29,0
DA:30,0
DA:31,0
DA:32,0
DA:33,0
DA:34,0
DA:35,0
DA:38,0
DA:39,0
DA:43,0
DA:44,0
DA:45,0
DA:46,0
DA:47,0
DA:48,0
DA:49,0
DA:50,0
DA:54,0
DA:56,0
DA:67,0
DA:68,0
DA:69,0
DA:70,0
DA:73,0
DA:75,0
DA:77,0
DA:80,5
DA:86,6
DA:87,6
DA:90,6
DA:93,6
DA:94,2
DA:98,6
DA:99,4
DA:106,6
DA:112,6
DA:115,0
DA:123,3
DA:124,3
DA:127,3
DA:129,0
DA:130,0
DA:131,0
DA:133,0
DA:134,0
DA:141,0
DA:142,0
DA:143,0
DA:146,0
DA:147,0
DA:150,0
DA:151,0
DA:152,0
DA:153,0
DA:154,0
DA:155,0
DA:158,0
DA:159,0
DA:160,0
DA:165,0
DA:166,0
DA:167,0
DA:168,0
DA:169,0
DA:170,0
DA:171,0
DA:172,0
DA:173,0
DA:174,0
DA:175,0
DA:180,0
DA:194,0
DA:196,0
DA:197,0
DA:202,3
DA:205,3
DA:206,2
DA:210,1
DA:213,2
DA:222,8
DA:223,8
DA:226,8
DA:227,2
DA:231,6
DA:232,6
DA:233,6
DA:236,6
DA:237,1
DA:239,5
DA:240,1
DA:246,4
DA:267,4
DA:269,4
LF:110
LH:35
BRDA:18,0,0,0
BRDA:18,0,1,0
BRDA:20,1,0,0
BRDA:20,1,1,0
BRDA:22,2,0,0
BRDA:22,2,1,0
BRDA:24,3,0,0
BRDA:24,3,1,0
BRDA:26,4,0,0
BRDA:26,4,1,0
BRDA:28,5,0,0
BRDA:28,5,1,0
BRDA:30,6,0,0
BRDA:30,6,1,0
BRDA:32,7,0,0
BRDA:32,7,1,0
BRDA:34,8,0,0
BRDA:34,8,1,0
BRDA:34,9,0,0
BRDA:34,9,1,0
BRDA:34,9,2,0
BRDA:38,10,0,0
BRDA:38,10,1,0
BRDA:43,11,0,0
BRDA:43,11,1,0
BRDA:45,12,0,0
BRDA:45,12,1,0
BRDA:47,13,0,0
BRDA:47,13,1,0
BRDA:49,14,0,0
BRDA:49,14,1,0
BRDA:67,15,0,0
BRDA:67,15,1,0
BRDA:67,16,0,0
BRDA:67,16,1,0
BRDA:75,17,0,0
BRDA:75,17,1,0
BRDA:93,18,0,2
BRDA:93,18,1,4
BRDA:98,19,0,4
BRDA:98,19,1,2
BRDA:127,20,0,0
BRDA:127,20,1,3
BRDA:142,21,0,0
BRDA:142,21,1,0
BRDA:147,22,0,0
BRDA:147,22,1,0
BRDA:151,23,0,0
BRDA:151,23,1,0
BRDA:152,24,0,0
BRDA:152,24,1,0
BRDA:153,25,0,0
BRDA:153,25,1,0
BRDA:154,26,0,0
BRDA:154,26,1,0
BRDA:155,27,0,0
BRDA:155,27,1,0
BRDA:158,28,0,0
BRDA:158,28,1,0
BRDA:159,29,0,0
BRDA:159,29,1,0
BRDA:160,30,0,0
BRDA:160,30,1,0
BRDA:166,31,0,0
BRDA:166,31,1,0
BRDA:167,32,0,0
BRDA:167,32,1,0
BRDA:168,33,0,0
BRDA:168,33,1,0
BRDA:170,34,0,0
BRDA:170,34,1,0
BRDA:172,35,0,0
BRDA:172,35,1,0
BRDA:174,36,0,0
BRDA:174,36,1,0
BRDA:174,37,0,0
BRDA:174,37,1,0
BRDA:182,38,0,0
BRDA:182,38,1,0
BRDA:183,39,0,0
BRDA:183,39,1,0
BRDA:205,40,0,2
BRDA:205,40,1,1
BRDA:223,41,0,1
BRDA:226,42,0,2
BRDA:226,42,1,6
BRDA:226,43,0,8
BRDA:226,43,1,7
BRDA:236,44,0,1
BRDA:236,44,1,5
BRDA:236,45,0,6
BRDA:236,45,1,6
BRDA:239,46,0,1
BRDA:239,46,1,4
BRDA:239,47,0,5
BRDA:239,47,1,5
BRF:96
BRH:20
end_of_record
TN:
SF:controllers\userDestinationController.js
FN:11,(anonymous_0)
FN:40,(anonymous_1)
FN:95,(anonymous_2)
FN:144,(anonymous_3)
FNF:4
FNH:4
FNDA:3,(anonymous_0)
FNDA:6,(anonymous_1)
FNDA:5,(anonymous_2)
FNDA:3,(anonymous_3)
DA:5,5
DA:7,5
DA:12,3
DA:14,3
DA:17,3
DA:30,3
DA:32,0
DA:41,6
DA:42,6
DA:43,6
DA:46,6
DA:47,1
DA:51,5
DA:52,5
DA:53,1
DA:57,4
DA:61,4
DA:62,1
DA:66,3
DA:74,3
DA:85,3
DA:87,3
DA:96,5
DA:97,5
DA:98,5
DA:99,5
DA:102,5
DA:105,5
DA:106,1
DA:110,4
DA:111,1
DA:115,3
DA:121,3
DA:132,3
DA:137,2
DA:145,3
DA:146,3
DA:147,3
DA:150,3
DA:161,3
DA:162,1
DA:166,2
DA:167,1
DA:171,1
DA:174,1
DA:182,2
LF:46
LH:45
BRDA:46,0,0,1
BRDA:46,0,1,5
BRDA:52,1,0,1
BRDA:52,1,1,4
BRDA:61,2,0,1
BRDA:61,2,1,3
BRDA:69,3,0,3
BRDA:69,3,1,2
BRDA:70,4,0,3
BRDA:70,4,1,2
BRDA:105,5,0,1
BRDA:105,5,1,4
BRDA:110,6,0,1
BRDA:110,6,1,3
BRDA:116,7,0,2
BRDA:116,7,1,1
BRDA:117,8,0,2
BRDA:117,8,1,1
BRDA:161,9,0,1
BRDA:161,9,1,2
BRDA:166,10,0,1
BRDA:166,10,1,1
BRF:22
BRH:22
end_of_record
TN:
SF:helpers\bcrypt.js
FN:5,(anonymous_0)
FN:10,(anonymous_1)
FNF:2
FNH:2
FNDA:12,(anonymous_0)
FNDA:7,(anonymous_1)
DA:2,6
DA:5,6
DA:6,12
DA:7,12
DA:10,6
DA:11,7
DA:13,6
LF:7
LH:7
BRF:0
BRH:0
end_of_record
TN:
SF:helpers\jwt.js
FN:4,(anonymous_0)
FN:8,(anonymous_1)
FNF:2
FNH:2
FNDA:69,(anonymous_0)
FNDA:31,(anonymous_1)
DA:2,7
DA:3,7
DA:4,7
DA:5,69
DA:8,7
DA:10,31
DA:13,7
LF:7
LH:7
BRF:0
BRH:0
end_of_record
TN:
SF:middleware\authentication.js
FN:6,authentication
FNF:1
FNH:1
FNDA:35,authentication
DA:3,6
DA:4,6
DA:6,6
DA:7,35
DA:9,35
DA:12,35
DA:13,7
DA:17,28
DA:18,28
DA:19,28
DA:22,28
DA:23,1
DA:27,27
DA:30,26
DA:32,26
DA:33,0
DA:36,26
DA:41,26
DA:44,9
LF:19
LH:18
BRDA:12,0,0,7
BRDA:12,0,1,28
BRDA:22,1,0,1
BRDA:22,1,1,27
BRDA:22,2,0,28
BRDA:22,2,1,27
BRDA:32,3,0,0
BRDA:32,3,1,26
BRF:8
BRH:7
end_of_record
TN:
SF:middleware\errorHandler.js
FN:3,errorHandler
FNF:1
FNH:1
FNDA:58,errorHandler
DA:3,6
DA:4,58
DA:5,58
DA:7,58
DA:8,4
DA:11,54
DA:12,2
DA:15,52
DA:16,10
DA:19,42
DA:20,7
DA:23,35
DA:24,3
DA:27,32
DA:28,21
DA:31,11
DA:32,6
DA:36,5
LF:18
LH:18
BRDA:7,0,0,4
BRDA:7,0,1,54
BRDA:7,1,0,58
BRDA:7,1,1,55
BRDA:11,2,0,2
BRDA:11,2,1,52
BRDA:11,3,0,54
BRDA:11,3,1,53
BRDA:15,4,0,10
BRDA:15,4,1,42
BRDA:19,5,0,7
BRDA:19,5,1,35
BRDA:23,6,0,3
BRDA:23,6,1,32
BRDA:27,7,0,21
BRDA:27,7,1,11
BRDA:31,8,0,6
BRDA:31,8,1,5
BRF:18
BRH:18
end_of_record
TN:
SF:models\index.js
FN:21,(anonymous_0)
FN:29,(anonymous_1)
FN:34,(anonymous_2)
FNF:3
FNH:3
FNDA:24,(anonymous_0)
FNDA:18,(anonymous_1)
FNDA:18,(anonymous_2)
DA:3,6
DA:4,6
DA:5,6
DA:6,6
DA:7,6
DA:8,6
DA:9,6
DA:10,6
DA:13,6
DA:14,0
DA:16,6
DA:19,6
DA:22,24
DA:30,18
DA:31,18
DA:34,6
DA:35,18
DA:36,18
DA:40,6
DA:41,6
DA:43,6
LF:21
LH:20
BRDA:8,0,0,6
BRDA:8,0,1,0
BRDA:13,1,0,0
BRDA:13,1,1,6
BRDA:23,2,0,24
BRDA:23,2,1,24
BRDA:23,2,2,18
BRDA:23,2,3,18
BRDA:35,3,0,18
BRDA:35,3,1,0
BRF:10
BRH:7
end_of_record
TN:
SF:models\place.js
FN:5,(anonymous_0)
FN:12,(anonymous_1)
FNF:2
FNH:2
FNDA:6,(anonymous_0)
FNDA:6,(anonymous_1)
DA:4,6
DA:5,6
DA:15,6
DA:22,6
DA:91,6
LF:5
LH:5
BRF:0
BRH:0
end_of_record
TN:
SF:models\user.js
FN:6,(anonymous_0)
FN:13,(anonymous_1)
FN:45,(anonymous_2)
FNF:3
FNH:3
FNDA:6,(anonymous_0)
FNDA:6,(anonymous_1)
FNDA:65,(anonymous_2)
DA:4,6
DA:5,6
DA:6,6
DA:16,6
DA:23,6
DA:47,65
DA:48,65
DA:53,6
LF:8
LH:8
BRDA:47,0,0,65
BRDA:47,0,1,0
BRF:2
BRH:1
end_of_record
TN:
SF:models\userdestination.js
FN:5,(anonymous_0)
FN:12,(anonymous_1)
FNF:2
FNH:2
FNDA:6,(anonymous_0)
FNDA:6,(anonymous_1)
DA:4,6
DA:5,6
DA:14,6
DA:20,6
DA:26,6
DA:72,6
LF:6
LH:6
BRF:0
BRH:0
end_of_record
TN:
SF:routes\authRoutes.js
FNF:0
FNH:0
DA:1,5
DA:2,5
DA:3,5
DA:5,5
DA:6,5
DA:7,5
DA:8,5
DA:9,5
DA:11,5
LF:9
LH:9
BRF:0
BRH:0
end_of_record
TN:
SF:routes\geminiRoutes.js
FNF:0
FNH:0
DA:4,5
DA:5,5
DA:8,5
DA:11,5
DA:17,5
DA:23,5
DA:28,5
DA:34,5
DA:37,5
LF:9
LH:9
BRF:0
BRH:0
end_of_record
TN:
SF:routes\geoapifyRoutes.js
FNF:0
FNH:0
DA:4,5
DA:5,5
DA:8,5
DA:21,5
DA:25,5
DA:34,5
DA:41,5
DA:48,5
DA:51,5
LF:9
LH:9
BRF:0
BRH:0
end_of_record
TN:
SF:routes\placeRoutes.js
FNF:0
FNH:0
DA:4,5
DA:5,5
DA:8,5
DA:14,5
DA:19,5
DA:22,5
DA:25,5
LF:7
LH:7
BRF:0
BRH:0
end_of_record
TN:
SF:routes\userDestinationRoutes.js
FNF:0
FNH:0
DA:4,5
DA:5,5
DA:8,5
DA:11,5
DA:17,5
DA:21,5
DA:25,5
DA:28,5
DA:31,5
LF:9
LH:9
BRF:0
BRH:0
end_of_record
